Using pre-set license
Built from '2022.3/staging' branch; Version is '2022.3.23f1 (dbb3f7c5b5c6) revision 14398455'; Using compiler version '192829333'; Build Type 'Release'
OS: 'Windows 11  (10.0.22631) 64bit Professional' Language: 'tr' Physical Memory: 32621 MB
BatchMode: 1, IsHumanControllingUs: 0, StartBugReporterOnCrash: 0, Is64bit: 1, IsPro: 1

COMMAND LINE ARGUMENTS:
C:\Program Files\Unity\Hub\Editor\2022.3.23f1\Editor\Unity.exe
-adb2
-batchMode
-noUpm
-name
AssetImportWorker0
-projectPath
D:/Github/The-Skybloom/Skybloom
-logFile
Logs/AssetImportWorker0.log
-srvPort
52028
Successfully changed project path to: D:/Github/The-Skybloom/Skybloom
D:/Github/The-Skybloom/Skybloom
[UnityMemory] Configuration Parameters - Can be set up in boot.config
    "memorysetup-bucket-allocator-granularity=16"
    "memorysetup-bucket-allocator-bucket-count=8"
    "memorysetup-bucket-allocator-block-size=33554432"
    "memorysetup-bucket-allocator-block-count=8"
    "memorysetup-main-allocator-block-size=16777216"
    "memorysetup-thread-allocator-block-size=16777216"
    "memorysetup-gfx-main-allocator-block-size=16777216"
    "memorysetup-gfx-thread-allocator-block-size=16777216"
    "memorysetup-cache-allocator-block-size=4194304"
    "memorysetup-typetree-allocator-block-size=2097152"
    "memorysetup-profiler-bucket-allocator-granularity=16"
    "memorysetup-profiler-bucket-allocator-bucket-count=8"
    "memorysetup-profiler-bucket-allocator-block-size=33554432"
    "memorysetup-profiler-bucket-allocator-block-count=8"
    "memorysetup-profiler-allocator-block-size=16777216"
    "memorysetup-profiler-editor-allocator-block-size=1048576"
    "memorysetup-temp-allocator-size-main=16777216"
    "memorysetup-job-temp-allocator-block-size=2097152"
    "memorysetup-job-temp-allocator-block-size-background=1048576"
    "memorysetup-job-temp-allocator-reduction-small-platforms=262144"
    "memorysetup-allocator-temp-initial-block-size-main=262144"
    "memorysetup-allocator-temp-initial-block-size-worker=262144"
    "memorysetup-temp-allocator-size-background-worker=32768"
    "memorysetup-temp-allocator-size-job-worker=262144"
    "memorysetup-temp-allocator-size-preload-manager=33554432"
    "memorysetup-temp-allocator-size-nav-mesh-worker=65536"
    "memorysetup-temp-allocator-size-audio-worker=65536"
    "memorysetup-temp-allocator-size-cloud-worker=32768"
    "memorysetup-temp-allocator-size-gi-baking-worker=262144"
    "memorysetup-temp-allocator-size-gfx=262144"
Player connection [5540] Host "[IP] 10.0.1.59 [Port] 0 [Flags] 2 [Guid] 1278161002 [EditorId] 1278161002 [Version] 1048832 [Id] WindowsEditor(7,DESKTOP-P02AFH1) [Debug] 1 [PackageName] WindowsEditor [ProjectName] Editor" joined multi-casting on [225.0.0.222:54997]...

Player connection [5540] Host "[IP] 10.0.1.59 [Port] 0 [Flags] 2 [Guid] 1278161002 [EditorId] 1278161002 [Version] 1048832 [Id] WindowsEditor(7,DESKTOP-P02AFH1) [Debug] 1 [PackageName] WindowsEditor [ProjectName] Editor" joined alternative multi-casting on [225.0.0.222:34997]...

[Physics::Module] Initialized MultithreadedJobDispatcher with 23 workers.
Refreshing native plugins compatible for Editor in 5.74 ms, found 9 plugins.
Preloading 0 native plugins for Editor in 0.00 ms.
Initialize engine version: 2022.3.23f1 (dbb3f7c5b5c6)
[Subsystems] Discovering subsystems at path C:/Program Files/Unity/Hub/Editor/2022.3.23f1/Editor/Data/Resources/UnitySubsystems
[Subsystems] Discovering subsystems at path D:/Github/The-Skybloom/Skybloom/Assets
GfxDevice: creating device client; threaded=0; jobified=0
Direct3D:
    Version:  Direct3D 11.0 [level 11.1]
    Renderer: NVIDIA GeForce RTX 3050 (ID=0x2507)
    Vendor:   NVIDIA
    VRAM:     8056 MB
    Driver:   31.0.15.3713
Initialize mono
Mono path[0] = 'C:/Program Files/Unity/Hub/Editor/2022.3.23f1/Editor/Data/Managed'
Mono path[1] = 'C:/Program Files/Unity/Hub/Editor/2022.3.23f1/Editor/Data/MonoBleedingEdge/lib/mono/unityjit-win32'
Mono config path = 'C:/Program Files/Unity/Hub/Editor/2022.3.23f1/Editor/Data/MonoBleedingEdge/etc'
Using monoOptions --debugger-agent=transport=dt_socket,embedding=1,server=y,suspend=n,address=127.0.0.1:56292
Begin MonoManager ReloadAssembly
Registering precompiled unity dll's ...
Register platform support module: C:/Program Files/Unity/Hub/Editor/2022.3.23f1/Editor/Data/PlaybackEngines/WindowsStandaloneSupport/UnityEditor.WindowsStandalone.Extensions.dll
Registered in 0.002960 seconds.
- Loaded All Assemblies, in  0.199 seconds
Native extension for WindowsStandalone target not found
Mono: successfully reloaded assembly
- Finished resetting the current domain, in  0.160 seconds
Domain Reload Profiling: 358ms
	BeginReloadAssembly (61ms)
		ExecutionOrderSort (0ms)
		DisableScriptedObjects (0ms)
		BackupInstance (0ms)
		ReleaseScriptingObjects (0ms)
		CreateAndSetChildDomain (0ms)
	RebuildCommonClasses (19ms)
	RebuildNativeTypeToScriptingClass (6ms)
	initialDomainReloadingComplete (34ms)
	LoadAllAssembliesAndSetupDomain (78ms)
		LoadAssemblies (60ms)
		RebuildTransferFunctionScriptingTraits (0ms)
		AnalyzeDomain (77ms)
			TypeCache.Refresh (76ms)
				TypeCache.ScanAssembly (69ms)
			ScanForSourceGeneratedMonoScriptInfo (0ms)
			ResolveRequiredComponents (0ms)
	FinalizeReload (161ms)
		ReleaseScriptCaches (0ms)
		RebuildScriptCaches (0ms)
		SetupLoadedEditorAssemblies (127ms)
			LogAssemblyErrors (0ms)
			InitializePlatformSupportModulesInManaged (5ms)
			SetLoadedEditorAssemblies (5ms)
			RefreshPlugins (0ms)
			BeforeProcessingInitializeOnLoad (1ms)
			ProcessInitializeOnLoadAttributes (88ms)
			ProcessInitializeOnLoadMethodAttributes (28ms)
			AfterProcessingInitializeOnLoad (0ms)
			EditorAssembliesLoaded (0ms)
		ExecutionOrderSort2 (0ms)
		AwakeInstancesAfterBackupRestoration (0ms)
========================================================================
Worker process is ready to serve import requests
Begin MonoManager ReloadAssembly
- Loaded All Assemblies, in  0.371 seconds
Refreshing native plugins compatible for Editor in 2.41 ms, found 9 plugins.
Native extension for WindowsStandalone target not found
Mono: successfully reloaded assembly
- Finished resetting the current domain, in  0.526 seconds
Domain Reload Profiling: 896ms
	BeginReloadAssembly (83ms)
		ExecutionOrderSort (0ms)
		DisableScriptedObjects (3ms)
		BackupInstance (0ms)
		ReleaseScriptingObjects (0ms)
		CreateAndSetChildDomain (12ms)
	RebuildCommonClasses (19ms)
	RebuildNativeTypeToScriptingClass (6ms)
	initialDomainReloadingComplete (23ms)
	LoadAllAssembliesAndSetupDomain (239ms)
		LoadAssemblies (170ms)
		RebuildTransferFunctionScriptingTraits (0ms)
		AnalyzeDomain (117ms)
			TypeCache.Refresh (94ms)
				TypeCache.ScanAssembly (84ms)
			ScanForSourceGeneratedMonoScriptInfo (16ms)
			ResolveRequiredComponents (6ms)
	FinalizeReload (527ms)
		ReleaseScriptCaches (0ms)
		RebuildScriptCaches (0ms)
		SetupLoadedEditorAssemblies (427ms)
			LogAssemblyErrors (0ms)
			InitializePlatformSupportModulesInManaged (3ms)
			SetLoadedEditorAssemblies (3ms)
			RefreshPlugins (0ms)
			BeforeProcessingInitializeOnLoad (45ms)
			ProcessInitializeOnLoadAttributes (342ms)
			ProcessInitializeOnLoadMethodAttributes (31ms)
			AfterProcessingInitializeOnLoad (3ms)
			EditorAssembliesLoaded (0ms)
		ExecutionOrderSort2 (0ms)
		AwakeInstancesAfterBackupRestoration (4ms)
Launched and connected shader compiler UnityShaderCompiler.exe after 0.03 seconds
Refreshing native plugins compatible for Editor in 2.17 ms, found 9 plugins.
Preloading 0 native plugins for Editor in 0.00 ms.
Unloading 4907 Unused Serialized files (Serialized files now loaded: 0)
Unloading 101 unused Assets / (1.0 MB). Loaded Objects now: 5356.
Memory consumption went from 169.7 MB to 168.6 MB.
Total: 3.473400 ms (FindLiveObjects: 0.202600 ms CreateObjectMapping: 0.069700 ms MarkObjects: 2.843200 ms  DeleteObjects: 0.357300 ms)

AssetImportParameters requested are different than current active one (requested -> active):
  custom:container-demuxer-ogg: 62fdf1f143b41e24485cea50d1cbac27 -> 
  custom:video-codec-MediaFoundation-h265: 746d11721c4dcdbdad8f713fa42b33f4 -> 
  custom:video-decoder-ogg-theora: a1e56fd34408186e4bbccfd4996cb3dc -> 
  custom:framework-win-MediaFoundation: 216162199b28c13a410421893ffa2e32 -> 
  custom:CustomObjectIndexerAttribute: 9a22284fe3817be447336de3de66b15e -> 
  custom:container-demuxer-webm: 4f35f7cbe854078d1ac9338744f61a02 -> 
  custom:container-muxer-webm: aa71ff27fc2769a1b78a27578f13a17b -> 
  custom:video-decoder-webm-vp8: 9c59270c3fd7afecdb556c50c9e8de78 -> 
  custom:SearchIndexIgnoredProperties: e643bd26f0fe6173181afceb89e7c659 -> 
  custom:AudioImporter_EditorPlatform: d09bf68614088b80899f8185d706f6e7 -> 
  custom:video-encoder-webm-vp8: eb34c28f22e8b96e1ab97ce403110664 -> 
  custom:audio-decoder-ogg-vorbis: bf7c407c2cedff20999df2af8eb42d56 -> 
  custom:audio-encoder-webm-vorbis: bf7c407c2cedff20999df2af8eb42d56 -> 
========================================================================
Received Import Request.
  Time since last request: 8961.602083 seconds.
  path: Assets/Sprites/Bandits/Assassin/Assassin-Sheet.png
  artifactKey: Guid(d6f183f1f1bca9b40b00f5d13e0f957d) Importer(815301076,1909f56bfc062723c751e8b465ee728b)
Start importing Assets/Sprites/Bandits/Assassin/Assassin-Sheet.png using Guid(d6f183f1f1bca9b40b00f5d13e0f957d) Importer(815301076,1909f56bfc062723c751e8b465ee728b)  -> (artifact id: '5644f2a150307ee7850787b0619ee8ac') in 0.138127 seconds
Number of updated asset objects reloaded before import = 0
Number of asset objects unloaded after import = 74
========================================================================
Received Import Request.
  Time since last request: 16.571918 seconds.
  path: Assets/Sprites/Bandits/Assassin/Assassin-Sheet.png
  artifactKey: Guid(d6f183f1f1bca9b40b00f5d13e0f957d) Importer(815301076,1909f56bfc062723c751e8b465ee728b)
Start importing Assets/Sprites/Bandits/Assassin/Assassin-Sheet.png using Guid(d6f183f1f1bca9b40b00f5d13e0f957d) Importer(815301076,1909f56bfc062723c751e8b465ee728b)  -> (artifact id: '1d0a7ea615e4e8a476b08c442c24e974') in 0.216912 seconds
Number of updated asset objects reloaded before import = 0
Number of asset objects unloaded after import = 74
========================================================================
Received Import Request.
  Time since last request: 99.874225 seconds.
  path: Assets/Sprites/Bandits/Assassin/Assassin-Sheet.png
  artifactKey: Guid(d6f183f1f1bca9b40b00f5d13e0f957d) Importer(815301076,1909f56bfc062723c751e8b465ee728b)
Start importing Assets/Sprites/Bandits/Assassin/Assassin-Sheet.png using Guid(d6f183f1f1bca9b40b00f5d13e0f957d) Importer(815301076,1909f56bfc062723c751e8b465ee728b)  -> (artifact id: 'c9adacf6e229955e55137ca79f0e1491') in 0.078833 seconds
Number of updated asset objects reloaded before import = 0
Number of asset objects unloaded after import = 74
========================================================================
Received Import Request.
  Time since last request: 730.851536 seconds.
  path: Assets/Sprites/Hero Spritesheets/1 Hiro's Core Animations
  artifactKey: Guid(e0b742cd8dcdffc4ebb91eeb540eaade) Importer(815301076,1909f56bfc062723c751e8b465ee728b)
Start importing Assets/Sprites/Hero Spritesheets/1 Hiro's Core Animations using Guid(e0b742cd8dcdffc4ebb91eeb540eaade) Importer(815301076,1909f56bfc062723c751e8b465ee728b)  -> (artifact id: '6874eaea766a415c3cdbc8254d130919') in 0.000894 seconds
Number of updated asset objects reloaded before import = 0
Number of asset objects unloaded after import = 0
========================================================================
Received Import Request.
  Time since last request: 1.312386 seconds.
  path: Assets/Sprites/Hero Spritesheets/1 Hiro's Core Animations/IDLE,WALK,TURN
  artifactKey: Guid(2a0f829a5a0047f4a8241cf58ba93442) Importer(815301076,1909f56bfc062723c751e8b465ee728b)
Start importing Assets/Sprites/Hero Spritesheets/1 Hiro's Core Animations/IDLE,WALK,TURN using Guid(2a0f829a5a0047f4a8241cf58ba93442) Importer(815301076,1909f56bfc062723c751e8b465ee728b)  -> (artifact id: 'fb011f2301966e6969bded66006ab095') in 0.000367 seconds
Number of updated asset objects reloaded before import = 0
Number of asset objects unloaded after import = 0
========================================================================
Received Import Request.
  Time since last request: 0.062434 seconds.
  path: Assets/Sprites/Hero Spritesheets/1 Hiro's Core Animations/IDLE,WALK,TURN/1 IDLE [LOOP].png
  artifactKey: Guid(00dcb7f0b3faaa24190186c3cc537f17) Importer(815301076,1909f56bfc062723c751e8b465ee728b)
Start importing Assets/Sprites/Hero Spritesheets/1 Hiro's Core Animations/IDLE,WALK,TURN/1 IDLE [LOOP].png using Guid(00dcb7f0b3faaa24190186c3cc537f17) Importer(815301076,1909f56bfc062723c751e8b465ee728b)  -> (artifact id: '62b152ca5014f5784a30f51eadf0c835') in 0.038218 seconds
Number of updated asset objects reloaded before import = 0
Number of asset objects unloaded after import = 9
========================================================================
Received Import Request.
  Time since last request: 0.000011 seconds.
  path: Assets/Sprites/Hero Spritesheets/1 Hiro's Core Animations/IDLE,WALK,TURN/3 RUN [LOOP].png
  artifactKey: Guid(44722f75f698d794fac633bd72e34381) Importer(815301076,1909f56bfc062723c751e8b465ee728b)
Start importing Assets/Sprites/Hero Spritesheets/1 Hiro's Core Animations/IDLE,WALK,TURN/3 RUN [LOOP].png using Guid(44722f75f698d794fac633bd72e34381) Importer(815301076,1909f56bfc062723c751e8b465ee728b)  -> (artifact id: '1f82f890a12fdd4a624633fa17ba57b2') in 0.024527 seconds
Number of updated asset objects reloaded before import = 0
Number of asset objects unloaded after import = 8
========================================================================
Received Import Request.
  Time since last request: 0.000013 seconds.
  path: Assets/Sprites/Hero Spritesheets/1 Hiro's Core Animations/IDLE,WALK,TURN/4 RUN STOP TRANSITION.png
  artifactKey: Guid(e1a04836fbe355741b6af7e765705360) Importer(815301076,1909f56bfc062723c751e8b465ee728b)
Start importing Assets/Sprites/Hero Spritesheets/1 Hiro's Core Animations/IDLE,WALK,TURN/4 RUN STOP TRANSITION.png using Guid(e1a04836fbe355741b6af7e765705360) Importer(815301076,1909f56bfc062723c751e8b465ee728b)  -> (artifact id: 'af199f6fbd9861f08049232045832815') in 0.011454 seconds
Number of updated asset objects reloaded before import = 0
Number of asset objects unloaded after import = 3
========================================================================
Received Import Request.
  Time since last request: 0.000011 seconds.
  path: Assets/Sprites/Hero Spritesheets/1 Hiro's Core Animations/IDLE,WALK,TURN/WALK DUST.png
  artifactKey: Guid(78391694bb652a642ba77b2e3023db96) Importer(815301076,1909f56bfc062723c751e8b465ee728b)
Start importing Assets/Sprites/Hero Spritesheets/1 Hiro's Core Animations/IDLE,WALK,TURN/WALK DUST.png using Guid(78391694bb652a642ba77b2e3023db96) Importer(815301076,1909f56bfc062723c751e8b465ee728b)  -> (artifact id: '955b320f661b0ed312f1ee692928293f') in 0.034944 seconds
Number of updated asset objects reloaded before import = 0
Number of asset objects unloaded after import = 3
========================================================================
Received Import Request.
  Time since last request: 0.000022 seconds.
  path: Assets/Sprites/Hero Spritesheets/1 Hiro's Core Animations/IDLE,WALK,TURN/Gif example.gif
  artifactKey: Guid(6d41ed1da0b9acb4b899c9f4a7519719) Importer(815301076,1909f56bfc062723c751e8b465ee728b)
Start importing Assets/Sprites/Hero Spritesheets/1 Hiro's Core Animations/IDLE,WALK,TURN/Gif example.gif using Guid(6d41ed1da0b9acb4b899c9f4a7519719) Importer(815301076,1909f56bfc062723c751e8b465ee728b)  -> (artifact id: 'dac166c753b783d28388d61c8e302d50') in 0.027438 seconds
Number of updated asset objects reloaded before import = 0
Number of asset objects unloaded after import = 3
========================================================================
Received Prepare
Begin MonoManager ReloadAssembly
- Loaded All Assemblies, in  0.283 seconds
Refreshing native plugins compatible for Editor in 2.45 ms, found 9 plugins.
Native extension for WindowsStandalone target not found
Mono: successfully reloaded assembly
- Finished resetting the current domain, in  0.694 seconds
Domain Reload Profiling: 976ms
	BeginReloadAssembly (101ms)
		ExecutionOrderSort (0ms)
		DisableScriptedObjects (6ms)
		BackupInstance (0ms)
		ReleaseScriptingObjects (0ms)
		CreateAndSetChildDomain (25ms)
	RebuildCommonClasses (18ms)
	RebuildNativeTypeToScriptingClass (7ms)
	initialDomainReloadingComplete (16ms)
	LoadAllAssembliesAndSetupDomain (140ms)
		LoadAssemblies (165ms)
		RebuildTransferFunctionScriptingTraits (0ms)
		AnalyzeDomain (22ms)
			TypeCache.Refresh (7ms)
				TypeCache.ScanAssembly (1ms)
			ScanForSourceGeneratedMonoScriptInfo (7ms)
			ResolveRequiredComponents (7ms)
	FinalizeReload (694ms)
		ReleaseScriptCaches (0ms)
		RebuildScriptCaches (0ms)
		SetupLoadedEditorAssemblies (399ms)
			LogAssemblyErrors (0ms)
			InitializePlatformSupportModulesInManaged (3ms)
			SetLoadedEditorAssemblies (3ms)
			RefreshPlugins (0ms)
			BeforeProcessingInitializeOnLoad (44ms)
			ProcessInitializeOnLoadAttributes (316ms)
			ProcessInitializeOnLoadMethodAttributes (30ms)
			AfterProcessingInitializeOnLoad (3ms)
			EditorAssembliesLoaded (0ms)
		ExecutionOrderSort2 (0ms)
		AwakeInstancesAfterBackupRestoration (7ms)
Refreshing native plugins compatible for Editor in 2.14 ms, found 9 plugins.
Preloading 0 native plugins for Editor in 0.00 ms.
Unloading 4879 Unused Serialized files (Serialized files now loaded: 0)
Unloading 58 unused Assets / (0.9 MB). Loaded Objects now: 5387.
Memory consumption went from 169.0 MB to 168.0 MB.
Total: 2.874200 ms (FindLiveObjects: 0.176800 ms CreateObjectMapping: 0.060600 ms MarkObjects: 2.358000 ms  DeleteObjects: 0.278000 ms)

Prepare: number of updated asset objects reloaded= 0
AssetImportParameters requested are different than current active one (requested -> active):
  custom:container-demuxer-ogg: 62fdf1f143b41e24485cea50d1cbac27 -> 
  custom:video-codec-MediaFoundation-h265: 746d11721c4dcdbdad8f713fa42b33f4 -> 
  custom:video-decoder-ogg-theora: a1e56fd34408186e4bbccfd4996cb3dc -> 
  custom:framework-win-MediaFoundation: 216162199b28c13a410421893ffa2e32 -> 
  custom:CustomObjectIndexerAttribute: 9a22284fe3817be447336de3de66b15e -> 
  custom:container-demuxer-webm: 4f35f7cbe854078d1ac9338744f61a02 -> 
  custom:container-muxer-webm: aa71ff27fc2769a1b78a27578f13a17b -> 
  custom:video-decoder-webm-vp8: 9c59270c3fd7afecdb556c50c9e8de78 -> 
  custom:SearchIndexIgnoredProperties: e643bd26f0fe6173181afceb89e7c659 -> 
  custom:AudioImporter_EditorPlatform: d09bf68614088b80899f8185d706f6e7 -> 
  custom:video-encoder-webm-vp8: eb34c28f22e8b96e1ab97ce403110664 -> 
  custom:audio-decoder-ogg-vorbis: bf7c407c2cedff20999df2af8eb42d56 -> 
  custom:audio-encoder-webm-vorbis: bf7c407c2cedff20999df2af8eb42d56 -> 
========================================================================
Received Import Request.
  Time since last request: 6497.294507 seconds.
  path: Assets/Sprites/Knight_player/Attack_KG_2.png
  artifactKey: Guid(7b2f37b5f1ec157448b0b2c2611aaa5d) Importer(815301076,1909f56bfc062723c751e8b465ee728b)
Start importing Assets/Sprites/Knight_player/Attack_KG_2.png using Guid(7b2f37b5f1ec157448b0b2c2611aaa5d) Importer(815301076,1909f56bfc062723c751e8b465ee728b)  -> (artifact id: 'd78e6718ff747a265d8c24a16529bb06') in 0.044967 seconds
Number of updated asset objects reloaded before import = 0
Number of asset objects unloaded after import = 3
========================================================================
Received Import Request.
  Time since last request: 0.000010 seconds.
  path: Assets/Sprites/Knight_player/ladders_KG_1.png
  artifactKey: Guid(ff24891486015cf4494b1b674e8f3eac) Importer(815301076,1909f56bfc062723c751e8b465ee728b)
Start importing Assets/Sprites/Knight_player/ladders_KG_1.png using Guid(ff24891486015cf4494b1b674e8f3eac) Importer(815301076,1909f56bfc062723c751e8b465ee728b)  -> (artifact id: '8ed7171044964d675c11215aa90e59aa') in 0.010503 seconds
Number of updated asset objects reloaded before import = 0
Number of asset objects unloaded after import = 3
========================================================================
Received Import Request.
  Time since last request: 0.000011 seconds.
  path: Assets/Sprites/Knight_player/Crouching_Idle_KG_1.png
  artifactKey: Guid(30bab5e64a3aafb419fb397167bb7570) Importer(815301076,1909f56bfc062723c751e8b465ee728b)
Start importing Assets/Sprites/Knight_player/Crouching_Idle_KG_1.png using Guid(30bab5e64a3aafb419fb397167bb7570) Importer(815301076,1909f56bfc062723c751e8b465ee728b)  -> (artifact id: '656d0e3a457a51abe03be410e60b6774') in 0.010758 seconds
Number of updated asset objects reloaded before import = 0
Number of asset objects unloaded after import = 3
========================================================================
Received Import Request.
  Time since last request: 0.000011 seconds.
  path: Assets/Sprites/Knight_player/Landing_KG_2.png
  artifactKey: Guid(71f6a4c194314a84993adbac78f93127) Importer(815301076,1909f56bfc062723c751e8b465ee728b)
Start importing Assets/Sprites/Knight_player/Landing_KG_2.png using Guid(71f6a4c194314a84993adbac78f93127) Importer(815301076,1909f56bfc062723c751e8b465ee728b)  -> (artifact id: '2240f88c5ac035f0867101097d131323') in 0.011230 seconds
Number of updated asset objects reloaded before import = 0
Number of asset objects unloaded after import = 3
========================================================================
Received Import Request.
  Time since last request: 0.000012 seconds.
  path: Assets/Sprites/Knight_player/Fall_KG_2.gif
  artifactKey: Guid(b93fc81b3bc8b3a4ab0dc850cefb0763) Importer(815301076,1909f56bfc062723c751e8b465ee728b)
Start importing Assets/Sprites/Knight_player/Fall_KG_2.gif using Guid(b93fc81b3bc8b3a4ab0dc850cefb0763) Importer(815301076,1909f56bfc062723c751e8b465ee728b)  -> (artifact id: '169046036f0ac495a683dd02865c524f') in 0.010659 seconds
Number of updated asset objects reloaded before import = 0
Number of asset objects unloaded after import = 3
========================================================================
Received Import Request.
  Time since last request: 0.000012 seconds.
  path: Assets/Sprites/Knight_player/Idle_KG_1.png
  artifactKey: Guid(abe64476a92fedf478971b55f73f7bff) Importer(815301076,1909f56bfc062723c751e8b465ee728b)
Start importing Assets/Sprites/Knight_player/Idle_KG_1.png using Guid(abe64476a92fedf478971b55f73f7bff) Importer(815301076,1909f56bfc062723c751e8b465ee728b)  -> (artifact id: 'b4e0fd451d0884099631bfb1eebe36d5') in 0.010420 seconds
Number of updated asset objects reloaded before import = 0
Number of asset objects unloaded after import = 3
========================================================================
Received Import Request.
  Time since last request: 0.000010 seconds.
  path: Assets/Sprites/Knight_player/knight_win.png
  artifactKey: Guid(0bddc1c2449b67846ae2de0f15da1844) Importer(815301076,1909f56bfc062723c751e8b465ee728b)
Start importing Assets/Sprites/Knight_player/knight_win.png using Guid(0bddc1c2449b67846ae2de0f15da1844) Importer(815301076,1909f56bfc062723c751e8b465ee728b)  -> (artifact id: '16ba9e887837937b4004239e4ac13e62') in 0.011094 seconds
Number of updated asset objects reloaded before import = 0
Number of asset objects unloaded after import = 3
========================================================================
Received Import Request.
  Time since last request: 0.000017 seconds.
  path: Assets/Sprites/Knight_player/Crouching_KG_2.png
  artifactKey: Guid(705a433d1f24ae741b990e194981e1ec) Importer(815301076,1909f56bfc062723c751e8b465ee728b)
Start importing Assets/Sprites/Knight_player/Crouching_KG_2.png using Guid(705a433d1f24ae741b990e194981e1ec) Importer(815301076,1909f56bfc062723c751e8b465ee728b)  -> (artifact id: '16398751708d5e7dcc42b68bc0efec64') in 0.009977 seconds
Number of updated asset objects reloaded before import = 0
Number of asset objects unloaded after import = 3
========================================================================
Received Import Request.
  Time since last request: 0.000010 seconds.
  path: Assets/Sprites/Knight_player/Dying_KG_2.png
  artifactKey: Guid(c6b5fa3d3114e124caebcd43c34cd524) Importer(815301076,1909f56bfc062723c751e8b465ee728b)
Start importing Assets/Sprites/Knight_player/Dying_KG_2.png using Guid(c6b5fa3d3114e124caebcd43c34cd524) Importer(815301076,1909f56bfc062723c751e8b465ee728b)  -> (artifact id: 'bdddecadc8da9c73a9ed431406175078') in 0.010607 seconds
Number of updated asset objects reloaded before import = 0
Number of asset objects unloaded after import = 3
========================================================================
Received Import Request.
  Time since last request: 0.000012 seconds.
  path: Assets/Sprites/Knight_player/Idle_KG_2.png
  artifactKey: Guid(1c49cdbb4ed1a4f40a08f1277e417fe0) Importer(815301076,1909f56bfc062723c751e8b465ee728b)
Start importing Assets/Sprites/Knight_player/Idle_KG_2.png using Guid(1c49cdbb4ed1a4f40a08f1277e417fe0) Importer(815301076,1909f56bfc062723c751e8b465ee728b)  -> (artifact id: '9d5bb4b9f06b1aa82bebd1ff27cf4efd') in 0.010555 seconds
Number of updated asset objects reloaded before import = 0
Number of asset objects unloaded after import = 3
========================================================================
Received Import Request.
  Time since last request: 0.000011 seconds.
  path: Assets/Sprites/Knight_player/Jump_KG_2.gif
  artifactKey: Guid(c4bf78f6ae9212948a9dd9f45894b38a) Importer(815301076,1909f56bfc062723c751e8b465ee728b)
Start importing Assets/Sprites/Knight_player/Jump_KG_2.gif using Guid(c4bf78f6ae9212948a9dd9f45894b38a) Importer(815301076,1909f56bfc062723c751e8b465ee728b)  -> (artifact id: '695114279ccf402d4159eeaf0a7fdd4b') in 0.010849 seconds
Number of updated asset objects reloaded before import = 0
Number of asset objects unloaded after import = 3
========================================================================
Received Import Request.
  Time since last request: 0.000009 seconds.
  path: Assets/Sprites/Knight_player/Attack_KG_4.png
  artifactKey: Guid(237dd7d18c715bc4d95741720e33ccd8) Importer(815301076,1909f56bfc062723c751e8b465ee728b)
Start importing Assets/Sprites/Knight_player/Attack_KG_4.png using Guid(237dd7d18c715bc4d95741720e33ccd8) Importer(815301076,1909f56bfc062723c751e8b465ee728b)  -> (artifact id: '751563d551dfdfd9471346c664025879') in 0.010566 seconds
Number of updated asset objects reloaded before import = 0
Number of asset objects unloaded after import = 3
========================================================================
Received Import Request.
  Time since last request: 0.000011 seconds.
  path: Assets/Sprites/Knight_player/Pushing_KG_1.png
  artifactKey: Guid(53912d04a20df83468981ed231ce8cfb) Importer(815301076,1909f56bfc062723c751e8b465ee728b)
Start importing Assets/Sprites/Knight_player/Pushing_KG_1.png using Guid(53912d04a20df83468981ed231ce8cfb) Importer(815301076,1909f56bfc062723c751e8b465ee728b)  -> (artifact id: '70facd80d81d167e6ff835615c73ba76') in 0.010265 seconds
Number of updated asset objects reloaded before import = 0
Number of asset objects unloaded after import = 3
========================================================================
Received Import Request.
  Time since last request: 0.000011 seconds.
  path: Assets/Sprites/Knight_player/Fall_KG_1.png
  artifactKey: Guid(ee32658c318958c40b61c353a92efcec) Importer(815301076,1909f56bfc062723c751e8b465ee728b)
Start importing Assets/Sprites/Knight_player/Fall_KG_1.png using Guid(ee32658c318958c40b61c353a92efcec) Importer(815301076,1909f56bfc062723c751e8b465ee728b)  -> (artifact id: '2d1b1f80ee6d6879d25f0c7022793d7b') in 0.010676 seconds
Number of updated asset objects reloaded before import = 0
Number of asset objects unloaded after import = 3
========================================================================
Received Import Request.
  Time since last request: 0.000010 seconds.
  path: Assets/Sprites/Knight_player/Dashing_KG_1.png
  artifactKey: Guid(e9a7f58f65b997d428716533a7cfc898) Importer(815301076,1909f56bfc062723c751e8b465ee728b)
Start importing Assets/Sprites/Knight_player/Dashing_KG_1.png using Guid(e9a7f58f65b997d428716533a7cfc898) Importer(815301076,1909f56bfc062723c751e8b465ee728b)  -> (artifact id: 'f937957a31b85ce911d3339c06e75dd7') in 0.011341 seconds
Number of updated asset objects reloaded before import = 0
Number of asset objects unloaded after import = 3
========================================================================
Received Import Request.
  Time since last request: 222.786943 seconds.
  path: Assets/Sprites/Knight_player/Rolling_KG_1.png
  artifactKey: Guid(0127ab0898abd9b44a26ec6afac43270) Importer(815301076,1909f56bfc062723c751e8b465ee728b)
Start importing Assets/Sprites/Knight_player/Rolling_KG_1.png using Guid(0127ab0898abd9b44a26ec6afac43270) Importer(815301076,1909f56bfc062723c751e8b465ee728b)  -> (artifact id: 'b53b5cd7606480f2ef839a3c1ecf7d28') in 0.019466 seconds
Number of updated asset objects reloaded before import = 0
Number of asset objects unloaded after import = 3
========================================================================
Received Import Request.
  Time since last request: 0.000017 seconds.
  path: Assets/Sprites/Knight_player/Talking_KG.png
  artifactKey: Guid(3f3fd18f70a71944e9b4fcaefc554cd8) Importer(815301076,1909f56bfc062723c751e8b465ee728b)
Start importing Assets/Sprites/Knight_player/Talking_KG.png using Guid(3f3fd18f70a71944e9b4fcaefc554cd8) Importer(815301076,1909f56bfc062723c751e8b465ee728b)  -> (artifact id: '58349ccf453a24e096d9b4bcc685bb4a') in 0.014481 seconds
Number of updated asset objects reloaded before import = 0
Number of asset objects unloaded after import = 3
========================================================================
Received Import Request.
  Time since last request: 0.000020 seconds.
  path: Assets/Sprites/Knight_player/Shield_idle_KG.png
  artifactKey: Guid(990f6fc6673a91e47bc34eb567e7a984) Importer(815301076,1909f56bfc062723c751e8b465ee728b)
Start importing Assets/Sprites/Knight_player/Shield_idle_KG.png using Guid(990f6fc6673a91e47bc34eb567e7a984) Importer(815301076,1909f56bfc062723c751e8b465ee728b)  -> (artifact id: '2ee128e7214b8265ed2574b80a997ecf') in 0.014804 seconds
Number of updated asset objects reloaded before import = 0
Number of asset objects unloaded after import = 3
========================================================================
Received Import Request.
  Time since last request: 0.000012 seconds.
  path: Assets/Sprites/Knight_player/Shield_Up_KG_1.png
  artifactKey: Guid(4466eae0b6f45134388e44a8c12ca2bd) Importer(815301076,1909f56bfc062723c751e8b465ee728b)
Start importing Assets/Sprites/Knight_player/Shield_Up_KG_1.png using Guid(4466eae0b6f45134388e44a8c12ca2bd) Importer(815301076,1909f56bfc062723c751e8b465ee728b)  -> (artifact id: '66dc953def354f6695936fa8455c0332') in 0.015166 seconds
Number of updated asset objects reloaded before import = 0
Number of asset objects unloaded after import = 3
========================================================================
Received Import Request.
  Time since last request: 0.844682 seconds.
  path: Assets/Sprites/Knight_player/Walking_KG_1.png
  artifactKey: Guid(34043dfc32cad964ba95cb47460d08d7) Importer(815301076,1909f56bfc062723c751e8b465ee728b)
Start importing Assets/Sprites/Knight_player/Walking_KG_1.png using Guid(34043dfc32cad964ba95cb47460d08d7) Importer(815301076,1909f56bfc062723c751e8b465ee728b)  -> (artifact id: '4b059ce292a6d2ec044ce87c64bb4e78') in 0.013945 seconds
Number of updated asset objects reloaded before import = 0
Number of asset objects unloaded after import = 3
========================================================================
Received Import Request.
  Time since last request: 0.000010 seconds.
  path: Assets/Sprites/Knight_player/Wallside_KG_1.png
  artifactKey: Guid(935ec0d251a38f54b900c1d75b7ada0b) Importer(815301076,1909f56bfc062723c751e8b465ee728b)
Start importing Assets/Sprites/Knight_player/Wallside_KG_1.png using Guid(935ec0d251a38f54b900c1d75b7ada0b) Importer(815301076,1909f56bfc062723c751e8b465ee728b)  -> (artifact id: '5dab5c4260b87d19e77e0481aecfb73d') in 0.012086 seconds
Number of updated asset objects reloaded before import = 0
Number of asset objects unloaded after import = 3
========================================================================
Received Import Request.
  Time since last request: 94.091369 seconds.
  path: Assets/Sprites/Knight_player/Idle_KG_1.png
  artifactKey: Guid(abe64476a92fedf478971b55f73f7bff) Importer(815301076,1909f56bfc062723c751e8b465ee728b)
Start importing Assets/Sprites/Knight_player/Idle_KG_1.png using Guid(abe64476a92fedf478971b55f73f7bff) Importer(815301076,1909f56bfc062723c751e8b465ee728b)  -> (artifact id: '68cdcde8624e6dbc7dbda0d8d4571b16') in 0.016524 seconds
Number of updated asset objects reloaded before import = 0
Number of asset objects unloaded after import = 2
========================================================================
Received Import Request.
  Time since last request: 16.905303 seconds.
  path: Assets/Sprites/Knight_player/Idle_KG_1.png
  artifactKey: Guid(abe64476a92fedf478971b55f73f7bff) Importer(815301076,1909f56bfc062723c751e8b465ee728b)
Start importing Assets/Sprites/Knight_player/Idle_KG_1.png using Guid(abe64476a92fedf478971b55f73f7bff) Importer(815301076,1909f56bfc062723c751e8b465ee728b)  -> (artifact id: '4b12fd307fa7b9ed2ac181c866a0b524') in 0.012881 seconds
Number of updated asset objects reloaded before import = 0
Number of asset objects unloaded after import = 6
========================================================================
Received Import Request.
  Time since last request: 493.969957 seconds.
  path: Assets/Sprites/Bandits 2
  artifactKey: Guid(6b36549ffbc0dac479248c4d53063391) Importer(815301076,1909f56bfc062723c751e8b465ee728b)
Start importing Assets/Sprites/Bandits 2 using Guid(6b36549ffbc0dac479248c4d53063391) Importer(815301076,1909f56bfc062723c751e8b465ee728b)  -> (artifact id: '590b81819c163a701f893b78f8e6ffb8') in 0.005471 seconds
Number of updated asset objects reloaded before import = 0
Number of asset objects unloaded after import = 0
========================================================================
Received Import Request.
  Time since last request: 3.204599 seconds.
  path: Assets/Sprites/Bandits 2/Sprites
  artifactKey: Guid(c8fd0defc3df3a945a879333d0a41366) Importer(815301076,1909f56bfc062723c751e8b465ee728b)
Start importing Assets/Sprites/Bandits 2/Sprites using Guid(c8fd0defc3df3a945a879333d0a41366) Importer(815301076,1909f56bfc062723c751e8b465ee728b)  -> (artifact id: '1754bc7e5b9260fc0bc386cb65031650') in 0.000334 seconds
Number of updated asset objects reloaded before import = 0
Number of asset objects unloaded after import = 0
========================================================================
Received Import Request.
  Time since last request: 3.382620 seconds.
  path: Assets/Sprites/Bandits 2/Sprites/EnvironmentTiles
  artifactKey: Guid(782d8e872611c4f4587e5519fcc56cdd) Importer(815301076,1909f56bfc062723c751e8b465ee728b)
Start importing Assets/Sprites/Bandits 2/Sprites/EnvironmentTiles using Guid(782d8e872611c4f4587e5519fcc56cdd) Importer(815301076,1909f56bfc062723c751e8b465ee728b)  -> (artifact id: 'b579a0f12d1136b0e702034740e8622d') in 0.000298 seconds
Number of updated asset objects reloaded before import = 0
Number of asset objects unloaded after import = 0
========================================================================
Received Import Request.
  Time since last request: 0.070247 seconds.
  path: Assets/Sprites/Bandits 2/Sprites/EnvironmentTiles/EnvironmentTiles.png
  artifactKey: Guid(c356629438268ef4493055a5f7f7e7e6) Importer(815301076,1909f56bfc062723c751e8b465ee728b)
Start importing Assets/Sprites/Bandits 2/Sprites/EnvironmentTiles/EnvironmentTiles.png using Guid(c356629438268ef4493055a5f7f7e7e6) Importer(815301076,1909f56bfc062723c751e8b465ee728b)  -> (artifact id: 'f99ebcb5af5d8f8b0abad28d2ed0692f') in 0.037019 seconds
Number of updated asset objects reloaded before import = 0
Number of asset objects unloaded after import = 3
========================================================================
Received Import Request.
  Time since last request: 0.000016 seconds.
  path: Assets/Sprites/Bandits 2/Sprites/EnvironmentTiles/Tile_2.png
  artifactKey: Guid(f71d618ddf9543948ad1e77f489d429e) Importer(815301076,1909f56bfc062723c751e8b465ee728b)
Start importing Assets/Sprites/Bandits 2/Sprites/EnvironmentTiles/Tile_2.png using Guid(f71d618ddf9543948ad1e77f489d429e) Importer(815301076,1909f56bfc062723c751e8b465ee728b)  -> (artifact id: '024c74742747037bfe8824b7f24773b4') in 0.035823 seconds
Number of updated asset objects reloaded before import = 0
Number of asset objects unloaded after import = 3
========================================================================
Received Import Request.
  Time since last request: 2.258308 seconds.
  path: Assets/Sprites/Bandits 2/Sprites/Light Bandit
  artifactKey: Guid(7dd032be1b920564baaf4171f1ea9e84) Importer(815301076,1909f56bfc062723c751e8b465ee728b)
Start importing Assets/Sprites/Bandits 2/Sprites/Light Bandit using Guid(7dd032be1b920564baaf4171f1ea9e84) Importer(815301076,1909f56bfc062723c751e8b465ee728b)  -> (artifact id: '6b191e9b6777ed1dc8fd8621beaacba8') in 0.000399 seconds
Number of updated asset objects reloaded before import = 0
Number of asset objects unloaded after import = 0
========================================================================
Received Import Request.
  Time since last request: 0.075887 seconds.
  path: Assets/Sprites/Bandits 2/Sprites/Light Bandit/LightBandit.png
  artifactKey: Guid(427363d13eac55544a4ca1b76e829963) Importer(815301076,1909f56bfc062723c751e8b465ee728b)
Start importing Assets/Sprites/Bandits 2/Sprites/Light Bandit/LightBandit.png using Guid(427363d13eac55544a4ca1b76e829963) Importer(815301076,1909f56bfc062723c751e8b465ee728b)  -> (artifact id: '167f73d154ca87d818ca20b65f545694') in 0.015683 seconds
Number of updated asset objects reloaded before import = 0
Number of asset objects unloaded after import = 3
========================================================================
Received Import Request.
  Time since last request: 3.428365 seconds.
  path: Assets/Sprites/Bandits 2/Sprites/Light Bandit/Idle
  artifactKey: Guid(723748f1a962f854ba8b6c3da6befea3) Importer(815301076,1909f56bfc062723c751e8b465ee728b)
Start importing Assets/Sprites/Bandits 2/Sprites/Light Bandit/Idle using Guid(723748f1a962f854ba8b6c3da6befea3) Importer(815301076,1909f56bfc062723c751e8b465ee728b)  -> (artifact id: 'ffcf780c8a2d0adb5a8c7008fde3bfc1') in 0.000337 seconds
Number of updated asset objects reloaded before import = 0
Number of asset objects unloaded after import = 0
========================================================================
Received Import Request.
  Time since last request: 0.064854 seconds.
  path: Assets/Sprites/Bandits 2/Sprites/Light Bandit/Idle/LightBandit_Idle_0.png
  artifactKey: Guid(a262f7b2459eabe4d86d9d4779c70941) Importer(815301076,1909f56bfc062723c751e8b465ee728b)
Start importing Assets/Sprites/Bandits 2/Sprites/Light Bandit/Idle/LightBandit_Idle_0.png using Guid(a262f7b2459eabe4d86d9d4779c70941) Importer(815301076,1909f56bfc062723c751e8b465ee728b)  -> (artifact id: '200222257a78a1f870bf5ef1cc01371a') in 0.037164 seconds
Number of updated asset objects reloaded before import = 0
Number of asset objects unloaded after import = 3
========================================================================
Received Import Request.
  Time since last request: 0.000012 seconds.
  path: Assets/Sprites/Bandits 2/Sprites/Light Bandit/Idle/LightBandit_Idle_3.png
  artifactKey: Guid(2d501d2adb85fe842a89dbde6ec58a8f) Importer(815301076,1909f56bfc062723c751e8b465ee728b)
Start importing Assets/Sprites/Bandits 2/Sprites/Light Bandit/Idle/LightBandit_Idle_3.png using Guid(2d501d2adb85fe842a89dbde6ec58a8f) Importer(815301076,1909f56bfc062723c751e8b465ee728b)  -> (artifact id: 'd9371e748dfdeabbdd31d020902f18fe') in 0.050131 seconds
Number of updated asset objects reloaded before import = 0
Number of asset objects unloaded after import = 3
========================================================================
Received Import Request.
  Time since last request: 116.616141 seconds.
  path: Assets/Sprites/Medieval Warrior
  artifactKey: Guid(cf2f13990e847e8459b43cc064d734e6) Importer(815301076,1909f56bfc062723c751e8b465ee728b)
Start importing Assets/Sprites/Medieval Warrior using Guid(cf2f13990e847e8459b43cc064d734e6) Importer(815301076,1909f56bfc062723c751e8b465ee728b)  -> (artifact id: 'e8410351498ee3bf7f4c49a4b12a271c') in 0.000544 seconds
Number of updated asset objects reloaded before import = 0
Number of asset objects unloaded after import = 0
========================================================================
Received Import Request.
  Time since last request: 0.064099 seconds.
  path: Assets/Sprites/Medieval Warrior/Attack3.png
  artifactKey: Guid(c82f27eae65e6924295a69a9d8655427) Importer(815301076,1909f56bfc062723c751e8b465ee728b)
Start importing Assets/Sprites/Medieval Warrior/Attack3.png using Guid(c82f27eae65e6924295a69a9d8655427) Importer(815301076,1909f56bfc062723c751e8b465ee728b)  -> (artifact id: '4501e88dcd46f2d56507ffd312308368') in 0.022031 seconds
Number of updated asset objects reloaded before import = 0
Number of asset objects unloaded after import = 3
========================================================================
Received Import Request.
  Time since last request: 0.000017 seconds.
  path: Assets/Sprites/Medieval Warrior/Run2.png
  artifactKey: Guid(9532a101ecaf7964ba27ef5b132c2090) Importer(815301076,1909f56bfc062723c751e8b465ee728b)
Start importing Assets/Sprites/Medieval Warrior/Run2.png using Guid(9532a101ecaf7964ba27ef5b132c2090) Importer(815301076,1909f56bfc062723c751e8b465ee728b)  -> (artifact id: '835655758a204dfdcc9a020597311d3e') in 0.018994 seconds
Number of updated asset objects reloaded before import = 0
Number of asset objects unloaded after import = 3
========================================================================
Received Import Request.
  Time since last request: 0.000015 seconds.
  path: Assets/Sprites/Medieval Warrior/Roll.png
  artifactKey: Guid(6eb2b293485ebbb40b6b3729005c46d6) Importer(815301076,1909f56bfc062723c751e8b465ee728b)
Start importing Assets/Sprites/Medieval Warrior/Roll.png using Guid(6eb2b293485ebbb40b6b3729005c46d6) Importer(815301076,1909f56bfc062723c751e8b465ee728b)  -> (artifact id: '5255970bcff5220d1e4175033b9c54d5') in 0.027040 seconds
Number of updated asset objects reloaded before import = 0
Number of asset objects unloaded after import = 3
========================================================================
Received Import Request.
  Time since last request: 1.911486 seconds.
  path: Assets/Sprites/Medieval Warrior/Medieval Warrior Pack
  artifactKey: Guid(95f32c3670b8df64fb557e143673ce05) Importer(815301076,1909f56bfc062723c751e8b465ee728b)
Start importing Assets/Sprites/Medieval Warrior/Medieval Warrior Pack using Guid(95f32c3670b8df64fb557e143673ce05) Importer(815301076,1909f56bfc062723c751e8b465ee728b)  -> (artifact id: '51587c9663d44e7c8eec5db9a6917e48') in 0.000580 seconds
Number of updated asset objects reloaded before import = 0
Number of asset objects unloaded after import = 0
========================================================================
Received Import Request.
  Time since last request: 0.050762 seconds.
  path: Assets/Sprites/Medieval Warrior/Medieval Warrior Pack/Attack1.png
  artifactKey: Guid(c40002f36e8047c4cbf8898f7bb5c5b8) Importer(815301076,1909f56bfc062723c751e8b465ee728b)
Start importing Assets/Sprites/Medieval Warrior/Medieval Warrior Pack/Attack1.png using Guid(c40002f36e8047c4cbf8898f7bb5c5b8) Importer(815301076,1909f56bfc062723c751e8b465ee728b)  -> (artifact id: 'da2918702f8827e9df2b5eed4102b19f') in 0.012890 seconds
Number of updated asset objects reloaded before import = 0
Number of asset objects unloaded after import = 3
========================================================================
Received Import Request.
  Time since last request: 0.000146 seconds.
  path: Assets/Sprites/Medieval Warrior/Medieval Warrior Pack/Hit.png
  artifactKey: Guid(d6541c670d101f54db63338905f82fdd) Importer(815301076,1909f56bfc062723c751e8b465ee728b)
Start importing Assets/Sprites/Medieval Warrior/Medieval Warrior Pack/Hit.png using Guid(d6541c670d101f54db63338905f82fdd) Importer(815301076,1909f56bfc062723c751e8b465ee728b)  -> (artifact id: '8da592fb6e6882337e170e107f5bb13e') in 0.013351 seconds
Number of updated asset objects reloaded before import = 0
Number of asset objects unloaded after import = 3
========================================================================
Received Import Request.
  Time since last request: 0.000014 seconds.
  path: Assets/Sprites/Medieval Warrior/Medieval Warrior Pack/Jump.png
  artifactKey: Guid(df4a8c9db950b4241a712a2fe4d7d276) Importer(815301076,1909f56bfc062723c751e8b465ee728b)
Start importing Assets/Sprites/Medieval Warrior/Medieval Warrior Pack/Jump.png using Guid(df4a8c9db950b4241a712a2fe4d7d276) Importer(815301076,1909f56bfc062723c751e8b465ee728b)  -> (artifact id: 'd2a22d4d466d213ad860b6e6bcb03c2b') in 0.014972 seconds
Number of updated asset objects reloaded before import = 0
Number of asset objects unloaded after import = 3
========================================================================
Received Import Request.
  Time since last request: 0.000013 seconds.
  path: Assets/Sprites/Medieval Warrior/Medieval Warrior Pack/Death.png
  artifactKey: Guid(28136f2969716764082e908fbd73efbe) Importer(815301076,1909f56bfc062723c751e8b465ee728b)
Start importing Assets/Sprites/Medieval Warrior/Medieval Warrior Pack/Death.png using Guid(28136f2969716764082e908fbd73efbe) Importer(815301076,1909f56bfc062723c751e8b465ee728b)  -> (artifact id: '73703dfa0e2108cfee145ee0030ba447') in 0.011693 seconds
Number of updated asset objects reloaded before import = 0
Number of asset objects unloaded after import = 3
========================================================================
Received Import Request.
  Time since last request: 54.815722 seconds.
  path: Assets/Sprites/Medieval Warrior/Idle.png
  artifactKey: Guid(667bfe979e25e8644a7f867dd43e23d2) Importer(815301076,1909f56bfc062723c751e8b465ee728b)
Start importing Assets/Sprites/Medieval Warrior/Idle.png using Guid(667bfe979e25e8644a7f867dd43e23d2) Importer(815301076,1909f56bfc062723c751e8b465ee728b)  -> (artifact id: '109588eb7d165779fe6debee68291b10') in 0.046154 seconds
Number of updated asset objects reloaded before import = 0
Number of asset objects unloaded after import = 2
========================================================================
Received Import Request.
  Time since last request: 71.837923 seconds.
  path: Assets/Sprites/Medieval Warrior/Idle.png
  artifactKey: Guid(667bfe979e25e8644a7f867dd43e23d2) Importer(815301076,1909f56bfc062723c751e8b465ee728b)
Start importing Assets/Sprites/Medieval Warrior/Idle.png using Guid(667bfe979e25e8644a7f867dd43e23d2) Importer(815301076,1909f56bfc062723c751e8b465ee728b)  -> (artifact id: '8b476ec960f4573e08f5bc01133f230b') in 0.057242 seconds
Number of updated asset objects reloaded before import = 0
Number of asset objects unloaded after import = 8
========================================================================
Received Import Request.
  Time since last request: 3.526590 seconds.
  path: Assets/Sprites/Medieval Warrior/Idle.png
  artifactKey: Guid(667bfe979e25e8644a7f867dd43e23d2) Importer(815301076,1909f56bfc062723c751e8b465ee728b)
Start importing Assets/Sprites/Medieval Warrior/Idle.png using Guid(667bfe979e25e8644a7f867dd43e23d2) Importer(815301076,1909f56bfc062723c751e8b465ee728b)  -> (artifact id: 'e03d6dea3dde3f4819a8475d345056b6') in 0.025847 seconds
Number of updated asset objects reloaded before import = 0
Number of asset objects unloaded after import = 8
========================================================================
Received Import Request.
  Time since last request: 31.394066 seconds.
  path: Assets/Sprites/Medieval Warrior/Idle.png
  artifactKey: Guid(667bfe979e25e8644a7f867dd43e23d2) Importer(815301076,1909f56bfc062723c751e8b465ee728b)
Start importing Assets/Sprites/Medieval Warrior/Idle.png using Guid(667bfe979e25e8644a7f867dd43e23d2) Importer(815301076,1909f56bfc062723c751e8b465ee728b)  -> (artifact id: '36d1c23b17258ab185d21848afbdab15') in 0.031986 seconds
Number of updated asset objects reloaded before import = 0
Number of asset objects unloaded after import = 8
========================================================================
Received Import Request.
  Time since last request: 555.588856 seconds.
  path: Assets/Sprites/Paladin
  artifactKey: Guid(732a2f42795b8c84cbc6c6297a79436f) Importer(815301076,1909f56bfc062723c751e8b465ee728b)
Start importing Assets/Sprites/Paladin using Guid(732a2f42795b8c84cbc6c6297a79436f) Importer(815301076,1909f56bfc062723c751e8b465ee728b)  -> (artifact id: '06ee89c0fe2b2e9cfd2458a1b3deb4cf') in 0.000563 seconds
Number of updated asset objects reloaded before import = 0
Number of asset objects unloaded after import = 0
========================================================================
Received Import Request.
  Time since last request: 2.016720 seconds.
  path: Assets/Sprites/Paladin/Idle
  artifactKey: Guid(ae45eeb2d8e605b48a94315509e52ad8) Importer(815301076,1909f56bfc062723c751e8b465ee728b)
Start importing Assets/Sprites/Paladin/Idle using Guid(ae45eeb2d8e605b48a94315509e52ad8) Importer(815301076,1909f56bfc062723c751e8b465ee728b)  -> (artifact id: '8611dbd10082c5b20ec5c4acca82be3b') in 0.000425 seconds
Number of updated asset objects reloaded before import = 0
Number of asset objects unloaded after import = 0
========================================================================
Received Import Request.
  Time since last request: 0.050425 seconds.
  path: Assets/Sprites/Paladin/Idle/spr_PaladinIdle_strip27.png
  artifactKey: Guid(903bfd748d660a4489ec8f16a9d61f9f) Importer(815301076,1909f56bfc062723c751e8b465ee728b)
Start importing Assets/Sprites/Paladin/Idle/spr_PaladinIdle_strip27.png using Guid(903bfd748d660a4489ec8f16a9d61f9f) Importer(815301076,1909f56bfc062723c751e8b465ee728b)  -> (artifact id: '98263407b27df1c89d7d3616ea79bf84') in 0.016499 seconds
Number of updated asset objects reloaded before import = 0
Number of asset objects unloaded after import = 3
========================================================================
Received Import Request.
  Time since last request: 95.312834 seconds.
  path: Assets/Sprites/Archer
  artifactKey: Guid(689c5f34ed676a4449d47c19761438ae) Importer(815301076,1909f56bfc062723c751e8b465ee728b)
Start importing Assets/Sprites/Archer using Guid(689c5f34ed676a4449d47c19761438ae) Importer(815301076,1909f56bfc062723c751e8b465ee728b)  -> (artifact id: '4725d1634609ed2e1af633bed6cfd5c1') in 0.000416 seconds
Number of updated asset objects reloaded before import = 0
Number of asset objects unloaded after import = 0
========================================================================
Received Import Request.
  Time since last request: 0.079541 seconds.
  path: Assets/Sprites/Archer/spr_ArcherAttack_strip_NoBkg.png
  artifactKey: Guid(cf892be1d96aef749ac3f7e58c0c7912) Importer(815301076,1909f56bfc062723c751e8b465ee728b)
Start importing Assets/Sprites/Archer/spr_ArcherAttack_strip_NoBkg.png using Guid(cf892be1d96aef749ac3f7e58c0c7912) Importer(815301076,1909f56bfc062723c751e8b465ee728b)  -> (artifact id: '161723ea2d805f8f1c386b966eda1481') in 0.023265 seconds
Number of updated asset objects reloaded before import = 0
Number of asset objects unloaded after import = 3
========================================================================
Received Import Request.
  Time since last request: 0.000013 seconds.
  path: Assets/Sprites/Archer/spr_ArcherIdle_strip_NoBkg.png
  artifactKey: Guid(dbce132445955914098f87f467c2fdca) Importer(815301076,1909f56bfc062723c751e8b465ee728b)
Start importing Assets/Sprites/Archer/spr_ArcherIdle_strip_NoBkg.png using Guid(dbce132445955914098f87f467c2fdca) Importer(815301076,1909f56bfc062723c751e8b465ee728b)  -> (artifact id: '6ba2bc62e3474694b359219c0c2d7f99') in 0.037785 seconds
Number of updated asset objects reloaded before import = 0
Number of asset objects unloaded after import = 3
========================================================================
Received Import Request.
  Time since last request: 0.000028 seconds.
  path: Assets/Sprites/Archer/spr_ArcherMelee_strip_NoBkg.png
  artifactKey: Guid(69f6040b78d493040956678272aee49f) Importer(815301076,1909f56bfc062723c751e8b465ee728b)
Start importing Assets/Sprites/Archer/spr_ArcherMelee_strip_NoBkg.png using Guid(69f6040b78d493040956678272aee49f) Importer(815301076,1909f56bfc062723c751e8b465ee728b)  -> (artifact id: '8415bff44d29438188d451ed1474c984') in 0.042564 seconds
Number of updated asset objects reloaded before import = 0
Number of asset objects unloaded after import = 3
========================================================================
Received Import Request.
  Time since last request: 51.912687 seconds.
  path: Assets/Sprites/Archer/spr_ArcherIdle_strip_NoBkg.png
  artifactKey: Guid(dbce132445955914098f87f467c2fdca) Importer(815301076,1909f56bfc062723c751e8b465ee728b)
Start importing Assets/Sprites/Archer/spr_ArcherIdle_strip_NoBkg.png using Guid(dbce132445955914098f87f467c2fdca) Importer(815301076,1909f56bfc062723c751e8b465ee728b)  -> (artifact id: 'e1053240338f6df97dbaecddf2df1d4b') in 0.013062 seconds
Number of updated asset objects reloaded before import = 0
Number of asset objects unloaded after import = 2
========================================================================
Received Import Request.
  Time since last request: 13.178885 seconds.
  path: Assets/Sprites/Archer/spr_ArcherIdle_strip_NoBkg.png
  artifactKey: Guid(dbce132445955914098f87f467c2fdca) Importer(815301076,1909f56bfc062723c751e8b465ee728b)
Start importing Assets/Sprites/Archer/spr_ArcherIdle_strip_NoBkg.png using Guid(dbce132445955914098f87f467c2fdca) Importer(815301076,1909f56bfc062723c751e8b465ee728b)  -> (artifact id: '359a1a5c5d3cc5a8911375968766e79f') in 0.054294 seconds
Number of updated asset objects reloaded before import = 0
Number of asset objects unloaded after import = 10
========================================================================
Received Prepare
Begin MonoManager ReloadAssembly
- Loaded All Assemblies, in  0.484 seconds
Refreshing native plugins compatible for Editor in 5.58 ms, found 9 plugins.
Native extension for WindowsStandalone target not found
Mono: successfully reloaded assembly
- Finished resetting the current domain, in  1.222 seconds
Domain Reload Profiling: 1704ms
	BeginReloadAssembly (167ms)
		ExecutionOrderSort (0ms)
		DisableScriptedObjects (11ms)
		BackupInstance (0ms)
		ReleaseScriptingObjects (0ms)
		CreateAndSetChildDomain (44ms)
	RebuildCommonClasses (31ms)
	RebuildNativeTypeToScriptingClass (12ms)
	initialDomainReloadingComplete (29ms)
	LoadAllAssembliesAndSetupDomain (244ms)
		LoadAssemblies (290ms)
		RebuildTransferFunctionScriptingTraits (0ms)
		AnalyzeDomain (35ms)
			TypeCache.Refresh (11ms)
				TypeCache.ScanAssembly (1ms)
			ScanForSourceGeneratedMonoScriptInfo (11ms)
			ResolveRequiredComponents (12ms)
	FinalizeReload (1222ms)
		ReleaseScriptCaches (0ms)
		RebuildScriptCaches (0ms)
		SetupLoadedEditorAssemblies (633ms)
			LogAssemblyErrors (0ms)
			InitializePlatformSupportModulesInManaged (5ms)
			SetLoadedEditorAssemblies (5ms)
			RefreshPlugins (0ms)
			BeforeProcessingInitializeOnLoad (71ms)
			ProcessInitializeOnLoadAttributes (522ms)
			ProcessInitializeOnLoadMethodAttributes (28ms)
			AfterProcessingInitializeOnLoad (3ms)
			EditorAssembliesLoaded (0ms)
		ExecutionOrderSort2 (0ms)
		AwakeInstancesAfterBackupRestoration (7ms)
Refreshing native plugins compatible for Editor in 2.01 ms, found 9 plugins.
Preloading 0 native plugins for Editor in 0.00 ms.
Unloading 4879 Unused Serialized files (Serialized files now loaded: 0)
Unloading 58 unused Assets / (0.9 MB). Loaded Objects now: 5439.
Memory consumption went from 171.2 MB to 170.2 MB.
Total: 2.626600 ms (FindLiveObjects: 0.184900 ms CreateObjectMapping: 0.072400 ms MarkObjects: 2.068200 ms  DeleteObjects: 0.300200 ms)

Prepare: number of updated asset objects reloaded= 0
AssetImportParameters requested are different than current active one (requested -> active):
  custom:container-demuxer-ogg: 62fdf1f143b41e24485cea50d1cbac27 -> 
  custom:video-codec-MediaFoundation-h265: 746d11721c4dcdbdad8f713fa42b33f4 -> 
  custom:video-decoder-ogg-theora: a1e56fd34408186e4bbccfd4996cb3dc -> 
  custom:framework-win-MediaFoundation: 216162199b28c13a410421893ffa2e32 -> 
  custom:CustomObjectIndexerAttribute: 9a22284fe3817be447336de3de66b15e -> 
  custom:container-demuxer-webm: 4f35f7cbe854078d1ac9338744f61a02 -> 
  custom:container-muxer-webm: aa71ff27fc2769a1b78a27578f13a17b -> 
  custom:video-decoder-webm-vp8: 9c59270c3fd7afecdb556c50c9e8de78 -> 
  custom:SearchIndexIgnoredProperties: e643bd26f0fe6173181afceb89e7c659 -> 
  custom:AudioImporter_EditorPlatform: d09bf68614088b80899f8185d706f6e7 -> 
  custom:video-encoder-webm-vp8: eb34c28f22e8b96e1ab97ce403110664 -> 
  custom:audio-decoder-ogg-vorbis: bf7c407c2cedff20999df2af8eb42d56 -> 
  custom:audio-encoder-webm-vorbis: bf7c407c2cedff20999df2af8eb42d56 -> 
========================================================================
Received Import Request.
  Time since last request: 452.524723 seconds.
  path: Assets/Scripts/Enemy/Enemy Types
  artifactKey: Guid(46473421818ec8a46ae77026005be97e) Importer(815301076,1909f56bfc062723c751e8b465ee728b)
Start importing Assets/Scripts/Enemy/Enemy Types using Guid(46473421818ec8a46ae77026005be97e) Importer(815301076,1909f56bfc062723c751e8b465ee728b)  -> (artifact id: 'e6dc43d837b1f0044015b8dfc40aef40') in 0.001802 seconds
Number of updated asset objects reloaded before import = 0
Number of asset objects unloaded after import = 0
========================================================================
Received Import Request.
  Time since last request: 16.741780 seconds.
  path: Assets/Scripts/Enemy/Enemy Types/Bandit.cs
  artifactKey: Guid(7aabcd5d914acd74c97519ea74103c72) Importer(815301076,1909f56bfc062723c751e8b465ee728b)
Start importing Assets/Scripts/Enemy/Enemy Types/Bandit.cs using Guid(7aabcd5d914acd74c97519ea74103c72) Importer(815301076,1909f56bfc062723c751e8b465ee728b)  -> (artifact id: '30033d4ff20b35b9cf5df7bb31ba2571') in 0.000475 seconds
Number of updated asset objects reloaded before import = 0
Number of asset objects unloaded after import = 0
========================================================================
Received Prepare
Begin MonoManager ReloadAssembly
- Loaded All Assemblies, in  0.281 seconds
Refreshing native plugins compatible for Editor in 2.06 ms, found 9 plugins.
Native extension for WindowsStandalone target not found
Mono: successfully reloaded assembly
- Finished resetting the current domain, in  0.675 seconds
Domain Reload Profiling: 955ms
	BeginReloadAssembly (99ms)
		ExecutionOrderSort (0ms)
		DisableScriptedObjects (6ms)
		BackupInstance (0ms)
		ReleaseScriptingObjects (0ms)
		CreateAndSetChildDomain (24ms)
	RebuildCommonClasses (19ms)
	RebuildNativeTypeToScriptingClass (7ms)
	initialDomainReloadingComplete (16ms)
	LoadAllAssembliesAndSetupDomain (139ms)
		LoadAssemblies (165ms)
		RebuildTransferFunctionScriptingTraits (0ms)
		AnalyzeDomain (21ms)
			TypeCache.Refresh (7ms)
				TypeCache.ScanAssembly (1ms)
			ScanForSourceGeneratedMonoScriptInfo (7ms)
			ResolveRequiredComponents (7ms)
	FinalizeReload (675ms)
		ReleaseScriptCaches (0ms)
		RebuildScriptCaches (0ms)
		SetupLoadedEditorAssemblies (408ms)
			LogAssemblyErrors (0ms)
			InitializePlatformSupportModulesInManaged (3ms)
			SetLoadedEditorAssemblies (3ms)
			RefreshPlugins (0ms)
			BeforeProcessingInitializeOnLoad (45ms)
			ProcessInitializeOnLoadAttributes (324ms)
			ProcessInitializeOnLoadMethodAttributes (29ms)
			AfterProcessingInitializeOnLoad (3ms)
			EditorAssembliesLoaded (0ms)
		ExecutionOrderSort2 (0ms)
		AwakeInstancesAfterBackupRestoration (7ms)
Refreshing native plugins compatible for Editor in 2.64 ms, found 9 plugins.
Preloading 0 native plugins for Editor in 0.00 ms.
Unloading 4880 Unused Serialized files (Serialized files now loaded: 0)
Unloading 58 unused Assets / (0.9 MB). Loaded Objects now: 5456.
Memory consumption went from 173.1 MB to 172.2 MB.
Total: 2.666300 ms (FindLiveObjects: 0.232600 ms CreateObjectMapping: 0.077300 ms MarkObjects: 2.031800 ms  DeleteObjects: 0.323600 ms)

Prepare: number of updated asset objects reloaded= 0
AssetImportParameters requested are different than current active one (requested -> active):
  custom:container-demuxer-ogg: 62fdf1f143b41e24485cea50d1cbac27 -> 
  custom:video-codec-MediaFoundation-h265: 746d11721c4dcdbdad8f713fa42b33f4 -> 
  custom:video-decoder-ogg-theora: a1e56fd34408186e4bbccfd4996cb3dc -> 
  custom:framework-win-MediaFoundation: 216162199b28c13a410421893ffa2e32 -> 
  custom:CustomObjectIndexerAttribute: 9a22284fe3817be447336de3de66b15e -> 
  custom:container-demuxer-webm: 4f35f7cbe854078d1ac9338744f61a02 -> 
  custom:container-muxer-webm: aa71ff27fc2769a1b78a27578f13a17b -> 
  custom:video-decoder-webm-vp8: 9c59270c3fd7afecdb556c50c9e8de78 -> 
  custom:SearchIndexIgnoredProperties: e643bd26f0fe6173181afceb89e7c659 -> 
  custom:AudioImporter_EditorPlatform: d09bf68614088b80899f8185d706f6e7 -> 
  custom:video-encoder-webm-vp8: eb34c28f22e8b96e1ab97ce403110664 -> 
  custom:audio-decoder-ogg-vorbis: bf7c407c2cedff20999df2af8eb42d56 -> 
  custom:audio-encoder-webm-vorbis: bf7c407c2cedff20999df2af8eb42d56 -> 
========================================================================
Received Import Request.
  Time since last request: 5.045844 seconds.
  path: Assets/Scripts/Enemy/Enemy Types/Bandit.cs
  artifactKey: Guid(7aabcd5d914acd74c97519ea74103c72) Importer(815301076,1909f56bfc062723c751e8b465ee728b)
Start importing Assets/Scripts/Enemy/Enemy Types/Bandit.cs using Guid(7aabcd5d914acd74c97519ea74103c72) Importer(815301076,1909f56bfc062723c751e8b465ee728b)  -> (artifact id: 'b24202d26e113e7c2a414f5b54edca3b') in 0.001617 seconds
Number of updated asset objects reloaded before import = 0
Number of asset objects unloaded after import = 0
========================================================================
Received Prepare
Begin MonoManager ReloadAssembly
- Loaded All Assemblies, in  0.489 seconds
Refreshing native plugins compatible for Editor in 6.41 ms, found 9 plugins.
Native extension for WindowsStandalone target not found
Mono: successfully reloaded assembly
- Finished resetting the current domain, in  1.269 seconds
Domain Reload Profiling: 1756ms
	BeginReloadAssembly (166ms)
		ExecutionOrderSort (0ms)
		DisableScriptedObjects (11ms)
		BackupInstance (0ms)
		ReleaseScriptingObjects (0ms)
		CreateAndSetChildDomain (40ms)
	RebuildCommonClasses (30ms)
	RebuildNativeTypeToScriptingClass (11ms)
	initialDomainReloadingComplete (29ms)
	LoadAllAssembliesAndSetupDomain (251ms)
		LoadAssemblies (305ms)
		RebuildTransferFunctionScriptingTraits (0ms)
		AnalyzeDomain (38ms)
			TypeCache.Refresh (12ms)
				TypeCache.ScanAssembly (1ms)
			ScanForSourceGeneratedMonoScriptInfo (13ms)
			ResolveRequiredComponents (13ms)
	FinalizeReload (1269ms)
		ReleaseScriptCaches (0ms)
		RebuildScriptCaches (0ms)
		SetupLoadedEditorAssemblies (681ms)
			LogAssemblyErrors (0ms)
			InitializePlatformSupportModulesInManaged (6ms)
			SetLoadedEditorAssemblies (5ms)
			RefreshPlugins (0ms)
			BeforeProcessingInitializeOnLoad (79ms)
			ProcessInitializeOnLoadAttributes (535ms)
			ProcessInitializeOnLoadMethodAttributes (50ms)
			AfterProcessingInitializeOnLoad (6ms)
			EditorAssembliesLoaded (0ms)
		ExecutionOrderSort2 (0ms)
		AwakeInstancesAfterBackupRestoration (12ms)
Refreshing native plugins compatible for Editor in 6.03 ms, found 9 plugins.
Preloading 0 native plugins for Editor in 0.00 ms.
Unloading 4880 Unused Serialized files (Serialized files now loaded: 0)
Unloading 58 unused Assets / (1.0 MB). Loaded Objects now: 5472.
Memory consumption went from 175.1 MB to 174.1 MB.
Total: 4.320000 ms (FindLiveObjects: 0.314500 ms CreateObjectMapping: 0.119000 ms MarkObjects: 3.374900 ms  DeleteObjects: 0.510700 ms)

Prepare: number of updated asset objects reloaded= 0
AssetImportParameters requested are different than current active one (requested -> active):
  custom:container-demuxer-ogg: 62fdf1f143b41e24485cea50d1cbac27 -> 
  custom:video-codec-MediaFoundation-h265: 746d11721c4dcdbdad8f713fa42b33f4 -> 
  custom:video-decoder-ogg-theora: a1e56fd34408186e4bbccfd4996cb3dc -> 
  custom:framework-win-MediaFoundation: 216162199b28c13a410421893ffa2e32 -> 
  custom:CustomObjectIndexerAttribute: 9a22284fe3817be447336de3de66b15e -> 
  custom:container-demuxer-webm: 4f35f7cbe854078d1ac9338744f61a02 -> 
  custom:container-muxer-webm: aa71ff27fc2769a1b78a27578f13a17b -> 
  custom:video-decoder-webm-vp8: 9c59270c3fd7afecdb556c50c9e8de78 -> 
  custom:SearchIndexIgnoredProperties: e643bd26f0fe6173181afceb89e7c659 -> 
  custom:AudioImporter_EditorPlatform: d09bf68614088b80899f8185d706f6e7 -> 
  custom:video-encoder-webm-vp8: eb34c28f22e8b96e1ab97ce403110664 -> 
  custom:audio-decoder-ogg-vorbis: bf7c407c2cedff20999df2af8eb42d56 -> 
  custom:audio-encoder-webm-vorbis: bf7c407c2cedff20999df2af8eb42d56 -> 
========================================================================
Received Prepare
Begin MonoManager ReloadAssembly
- Loaded All Assemblies, in  0.490 seconds
Refreshing native plugins compatible for Editor in 4.71 ms, found 9 plugins.
Native extension for WindowsStandalone target not found
Mono: successfully reloaded assembly
- Finished resetting the current domain, in  1.312 seconds
Domain Reload Profiling: 1799ms
	BeginReloadAssembly (169ms)
		ExecutionOrderSort (0ms)
		DisableScriptedObjects (11ms)
		BackupInstance (0ms)
		ReleaseScriptingObjects (0ms)
		CreateAndSetChildDomain (40ms)
	RebuildCommonClasses (32ms)
	RebuildNativeTypeToScriptingClass (11ms)
	initialDomainReloadingComplete (32ms)
	LoadAllAssembliesAndSetupDomain (243ms)
		LoadAssemblies (315ms)
		RebuildTransferFunctionScriptingTraits (0ms)
		AnalyzeDomain (25ms)
			TypeCache.Refresh (9ms)
				TypeCache.ScanAssembly (0ms)
			ScanForSourceGeneratedMonoScriptInfo (0ms)
			ResolveRequiredComponents (14ms)
	FinalizeReload (1312ms)
		ReleaseScriptCaches (0ms)
		RebuildScriptCaches (0ms)
		SetupLoadedEditorAssemblies (671ms)
			LogAssemblyErrors (0ms)
			InitializePlatformSupportModulesInManaged (6ms)
			SetLoadedEditorAssemblies (5ms)
			RefreshPlugins (0ms)
			BeforeProcessingInitializeOnLoad (76ms)
			ProcessInitializeOnLoadAttributes (528ms)
			ProcessInitializeOnLoadMethodAttributes (50ms)
			AfterProcessingInitializeOnLoad (5ms)
			EditorAssembliesLoaded (0ms)
		ExecutionOrderSort2 (0ms)
		AwakeInstancesAfterBackupRestoration (12ms)
Refreshing native plugins compatible for Editor in 5.22 ms, found 9 plugins.
Preloading 0 native plugins for Editor in 0.00 ms.
Unloading 4881 Unused Serialized files (Serialized files now loaded: 0)
Unloading 58 unused Assets / (0.9 MB). Loaded Objects now: 5488.
Memory consumption went from 177.2 MB to 176.3 MB.
Total: 4.309500 ms (FindLiveObjects: 0.316600 ms CreateObjectMapping: 0.121000 ms MarkObjects: 3.340300 ms  DeleteObjects: 0.530000 ms)

Prepare: number of updated asset objects reloaded= 0
AssetImportParameters requested are different than current active one (requested -> active):
  custom:container-demuxer-ogg: 62fdf1f143b41e24485cea50d1cbac27 -> 
  custom:video-codec-MediaFoundation-h265: 746d11721c4dcdbdad8f713fa42b33f4 -> 
  custom:video-decoder-ogg-theora: a1e56fd34408186e4bbccfd4996cb3dc -> 
  custom:framework-win-MediaFoundation: 216162199b28c13a410421893ffa2e32 -> 
  custom:CustomObjectIndexerAttribute: 9a22284fe3817be447336de3de66b15e -> 
  custom:container-demuxer-webm: 4f35f7cbe854078d1ac9338744f61a02 -> 
  custom:container-muxer-webm: aa71ff27fc2769a1b78a27578f13a17b -> 
  custom:video-decoder-webm-vp8: 9c59270c3fd7afecdb556c50c9e8de78 -> 
  custom:SearchIndexIgnoredProperties: e643bd26f0fe6173181afceb89e7c659 -> 
  custom:AudioImporter_EditorPlatform: d09bf68614088b80899f8185d706f6e7 -> 
  custom:video-encoder-webm-vp8: eb34c28f22e8b96e1ab97ce403110664 -> 
  custom:audio-decoder-ogg-vorbis: bf7c407c2cedff20999df2af8eb42d56 -> 
  custom:audio-encoder-webm-vorbis: bf7c407c2cedff20999df2af8eb42d56 -> 
========================================================================
Received Prepare
Begin MonoManager ReloadAssembly
- Loaded All Assemblies, in  0.282 seconds
Refreshing native plugins compatible for Editor in 2.08 ms, found 9 plugins.
Native extension for WindowsStandalone target not found
Mono: successfully reloaded assembly
- Finished resetting the current domain, in  0.659 seconds
Domain Reload Profiling: 940ms
	BeginReloadAssembly (99ms)
		ExecutionOrderSort (0ms)
		DisableScriptedObjects (6ms)
		BackupInstance (0ms)
		ReleaseScriptingObjects (0ms)
		CreateAndSetChildDomain (23ms)
	RebuildCommonClasses (18ms)
	RebuildNativeTypeToScriptingClass (6ms)
	initialDomainReloadingComplete (16ms)
	LoadAllAssembliesAndSetupDomain (141ms)
		LoadAssemblies (167ms)
		RebuildTransferFunctionScriptingTraits (0ms)
		AnalyzeDomain (22ms)
			TypeCache.Refresh (7ms)
				TypeCache.ScanAssembly (1ms)
			ScanForSourceGeneratedMonoScriptInfo (8ms)
			ResolveRequiredComponents (7ms)
	FinalizeReload (659ms)
		ReleaseScriptCaches (0ms)
		RebuildScriptCaches (0ms)
		SetupLoadedEditorAssemblies (388ms)
			LogAssemblyErrors (0ms)
			InitializePlatformSupportModulesInManaged (3ms)
			SetLoadedEditorAssemblies (3ms)
			RefreshPlugins (0ms)
			BeforeProcessingInitializeOnLoad (44ms)
			ProcessInitializeOnLoadAttributes (306ms)
			ProcessInitializeOnLoadMethodAttributes (28ms)
			AfterProcessingInitializeOnLoad (3ms)
			EditorAssembliesLoaded (0ms)
		ExecutionOrderSort2 (0ms)
		AwakeInstancesAfterBackupRestoration (7ms)
Refreshing native plugins compatible for Editor in 2.35 ms, found 9 plugins.
Preloading 0 native plugins for Editor in 0.00 ms.
Unloading 4881 Unused Serialized files (Serialized files now loaded: 0)
Unloading 58 unused Assets / (1.0 MB). Loaded Objects now: 5504.
Memory consumption went from 179.3 MB to 178.3 MB.
Total: 2.925200 ms (FindLiveObjects: 0.209800 ms CreateObjectMapping: 0.086600 ms MarkObjects: 2.285800 ms  DeleteObjects: 0.342100 ms)

Prepare: number of updated asset objects reloaded= 0
AssetImportParameters requested are different than current active one (requested -> active):
  custom:container-demuxer-ogg: 62fdf1f143b41e24485cea50d1cbac27 -> 
  custom:video-codec-MediaFoundation-h265: 746d11721c4dcdbdad8f713fa42b33f4 -> 
  custom:video-decoder-ogg-theora: a1e56fd34408186e4bbccfd4996cb3dc -> 
  custom:framework-win-MediaFoundation: 216162199b28c13a410421893ffa2e32 -> 
  custom:CustomObjectIndexerAttribute: 9a22284fe3817be447336de3de66b15e -> 
  custom:container-demuxer-webm: 4f35f7cbe854078d1ac9338744f61a02 -> 
  custom:container-muxer-webm: aa71ff27fc2769a1b78a27578f13a17b -> 
  custom:video-decoder-webm-vp8: 9c59270c3fd7afecdb556c50c9e8de78 -> 
  custom:SearchIndexIgnoredProperties: e643bd26f0fe6173181afceb89e7c659 -> 
  custom:AudioImporter_EditorPlatform: d09bf68614088b80899f8185d706f6e7 -> 
  custom:video-encoder-webm-vp8: eb34c28f22e8b96e1ab97ce403110664 -> 
  custom:audio-decoder-ogg-vorbis: bf7c407c2cedff20999df2af8eb42d56 -> 
  custom:audio-encoder-webm-vorbis: bf7c407c2cedff20999df2af8eb42d56 -> 
========================================================================
Received Prepare
Begin MonoManager ReloadAssembly
- Loaded All Assemblies, in  0.484 seconds
Refreshing native plugins compatible for Editor in 7.26 ms, found 9 plugins.
Native extension for WindowsStandalone target not found
Mono: successfully reloaded assembly
- Finished resetting the current domain, in  1.303 seconds
Domain Reload Profiling: 1786ms
	BeginReloadAssembly (160ms)
		ExecutionOrderSort (0ms)
		DisableScriptedObjects (11ms)
		BackupInstance (0ms)
		ReleaseScriptingObjects (0ms)
		CreateAndSetChildDomain (39ms)
	RebuildCommonClasses (29ms)
	RebuildNativeTypeToScriptingClass (12ms)
	initialDomainReloadingComplete (26ms)
	LoadAllAssembliesAndSetupDomain (255ms)
		LoadAssemblies (299ms)
		RebuildTransferFunctionScriptingTraits (0ms)
		AnalyzeDomain (36ms)
			TypeCache.Refresh (11ms)
				TypeCache.ScanAssembly (1ms)
			ScanForSourceGeneratedMonoScriptInfo (12ms)
			ResolveRequiredComponents (12ms)
	FinalizeReload (1304ms)
		ReleaseScriptCaches (0ms)
		RebuildScriptCaches (0ms)
		SetupLoadedEditorAssemblies (670ms)
			LogAssemblyErrors (0ms)
			InitializePlatformSupportModulesInManaged (5ms)
			SetLoadedEditorAssemblies (5ms)
			RefreshPlugins (0ms)
			BeforeProcessingInitializeOnLoad (76ms)
			ProcessInitializeOnLoadAttributes (532ms)
			ProcessInitializeOnLoadMethodAttributes (47ms)
			AfterProcessingInitializeOnLoad (5ms)
			EditorAssembliesLoaded (0ms)
		ExecutionOrderSort2 (0ms)
		AwakeInstancesAfterBackupRestoration (13ms)
Refreshing native plugins compatible for Editor in 2.45 ms, found 9 plugins.
Preloading 0 native plugins for Editor in 0.00 ms.
Unloading 4881 Unused Serialized files (Serialized files now loaded: 0)
Unloading 58 unused Assets / (1.0 MB). Loaded Objects now: 5520.
Memory consumption went from 181.2 MB to 180.2 MB.
Total: 2.863400 ms (FindLiveObjects: 0.203100 ms CreateObjectMapping: 0.074600 ms MarkObjects: 2.252700 ms  DeleteObjects: 0.332300 ms)

Prepare: number of updated asset objects reloaded= 0
AssetImportParameters requested are different than current active one (requested -> active):
  custom:container-demuxer-ogg: 62fdf1f143b41e24485cea50d1cbac27 -> 
  custom:video-codec-MediaFoundation-h265: 746d11721c4dcdbdad8f713fa42b33f4 -> 
  custom:video-decoder-ogg-theora: a1e56fd34408186e4bbccfd4996cb3dc -> 
  custom:framework-win-MediaFoundation: 216162199b28c13a410421893ffa2e32 -> 
  custom:CustomObjectIndexerAttribute: 9a22284fe3817be447336de3de66b15e -> 
  custom:container-demuxer-webm: 4f35f7cbe854078d1ac9338744f61a02 -> 
  custom:container-muxer-webm: aa71ff27fc2769a1b78a27578f13a17b -> 
  custom:video-decoder-webm-vp8: 9c59270c3fd7afecdb556c50c9e8de78 -> 
  custom:SearchIndexIgnoredProperties: e643bd26f0fe6173181afceb89e7c659 -> 
  custom:AudioImporter_EditorPlatform: d09bf68614088b80899f8185d706f6e7 -> 
  custom:video-encoder-webm-vp8: eb34c28f22e8b96e1ab97ce403110664 -> 
  custom:audio-decoder-ogg-vorbis: bf7c407c2cedff20999df2af8eb42d56 -> 
  custom:audio-encoder-webm-vorbis: bf7c407c2cedff20999df2af8eb42d56 -> 
========================================================================
Received Prepare
Begin MonoManager ReloadAssembly
- Loaded All Assemblies, in  0.503 seconds
Refreshing native plugins compatible for Editor in 5.52 ms, found 9 plugins.
Native extension for WindowsStandalone target not found
Mono: successfully reloaded assembly
- Finished resetting the current domain, in  1.335 seconds
Domain Reload Profiling: 1835ms
	BeginReloadAssembly (173ms)
		ExecutionOrderSort (0ms)
		DisableScriptedObjects (11ms)
		BackupInstance (0ms)
		ReleaseScriptingObjects (0ms)
		CreateAndSetChildDomain (41ms)
	RebuildCommonClasses (31ms)
	RebuildNativeTypeToScriptingClass (11ms)
	initialDomainReloadingComplete (36ms)
	LoadAllAssembliesAndSetupDomain (248ms)
		LoadAssemblies (303ms)
		RebuildTransferFunctionScriptingTraits (0ms)
		AnalyzeDomain (36ms)
			TypeCache.Refresh (11ms)
				TypeCache.ScanAssembly (1ms)
			ScanForSourceGeneratedMonoScriptInfo (10ms)
			ResolveRequiredComponents (14ms)
	FinalizeReload (1335ms)
		ReleaseScriptCaches (0ms)
		RebuildScriptCaches (0ms)
		SetupLoadedEditorAssemblies (721ms)
			LogAssemblyErrors (0ms)
			InitializePlatformSupportModulesInManaged (7ms)
			SetLoadedEditorAssemblies (6ms)
			RefreshPlugins (0ms)
			BeforeProcessingInitializeOnLoad (86ms)
			ProcessInitializeOnLoadAttributes (563ms)
			ProcessInitializeOnLoadMethodAttributes (52ms)
			AfterProcessingInitializeOnLoad (7ms)
			EditorAssembliesLoaded (0ms)
		ExecutionOrderSort2 (0ms)
		AwakeInstancesAfterBackupRestoration (12ms)
Refreshing native plugins compatible for Editor in 2.16 ms, found 9 plugins.
Preloading 0 native plugins for Editor in 0.00 ms.
Unloading 4881 Unused Serialized files (Serialized files now loaded: 0)
Unloading 58 unused Assets / (0.9 MB). Loaded Objects now: 5536.
Memory consumption went from 183.1 MB to 182.2 MB.
Total: 2.835900 ms (FindLiveObjects: 0.226200 ms CreateObjectMapping: 0.097800 ms MarkObjects: 2.186400 ms  DeleteObjects: 0.325000 ms)

Prepare: number of updated asset objects reloaded= 0
AssetImportParameters requested are different than current active one (requested -> active):
  custom:container-demuxer-ogg: 62fdf1f143b41e24485cea50d1cbac27 -> 
  custom:video-codec-MediaFoundation-h265: 746d11721c4dcdbdad8f713fa42b33f4 -> 
  custom:video-decoder-ogg-theora: a1e56fd34408186e4bbccfd4996cb3dc -> 
  custom:framework-win-MediaFoundation: 216162199b28c13a410421893ffa2e32 -> 
  custom:CustomObjectIndexerAttribute: 9a22284fe3817be447336de3de66b15e -> 
  custom:container-demuxer-webm: 4f35f7cbe854078d1ac9338744f61a02 -> 
  custom:container-muxer-webm: aa71ff27fc2769a1b78a27578f13a17b -> 
  custom:video-decoder-webm-vp8: 9c59270c3fd7afecdb556c50c9e8de78 -> 
  custom:SearchIndexIgnoredProperties: e643bd26f0fe6173181afceb89e7c659 -> 
  custom:AudioImporter_EditorPlatform: d09bf68614088b80899f8185d706f6e7 -> 
  custom:video-encoder-webm-vp8: eb34c28f22e8b96e1ab97ce403110664 -> 
  custom:audio-decoder-ogg-vorbis: bf7c407c2cedff20999df2af8eb42d56 -> 
  custom:audio-encoder-webm-vorbis: bf7c407c2cedff20999df2af8eb42d56 -> 
