Using pre-set license
Built from '2022.3/staging' branch; Version is '2022.3.23f1 (dbb3f7c5b5c6) revision 14398455'; Using compiler version '192829333'; Build Type 'Release'
OS: 'Windows 11  (10.0.22631) 64bit Professional' Language: 'tr' Physical Memory: 32621 MB
BatchMode: 1, IsHumanControllingUs: 0, StartBugReporterOnCrash: 0, Is64bit: 1, IsPro: 1

COMMAND LINE ARGUMENTS:
C:\Program Files\Unity\Hub\Editor\2022.3.23f1\Editor\Unity.exe
-adb2
-batchMode
-noUpm
-name
AssetImportWorker5
-projectPath
D:/Github/The-Skybloom/Skybloom
-logFile
Logs/AssetImportWorker5.log
-srvPort
52028
Successfully changed project path to: D:/Github/The-Skybloom/Skybloom
D:/Github/The-Skybloom/Skybloom
[UnityMemory] Configuration Parameters - Can be set up in boot.config
    "memorysetup-bucket-allocator-granularity=16"
    "memorysetup-bucket-allocator-bucket-count=8"
    "memorysetup-bucket-allocator-block-size=33554432"
    "memorysetup-bucket-allocator-block-count=8"
    "memorysetup-main-allocator-block-size=16777216"
    "memorysetup-thread-allocator-block-size=16777216"
    "memorysetup-gfx-main-allocator-block-size=16777216"
    "memorysetup-gfx-thread-allocator-block-size=16777216"
    "memorysetup-cache-allocator-block-size=4194304"
    "memorysetup-typetree-allocator-block-size=2097152"
    "memorysetup-profiler-bucket-allocator-granularity=16"
    "memorysetup-profiler-bucket-allocator-bucket-count=8"
    "memorysetup-profiler-bucket-allocator-block-size=33554432"
    "memorysetup-profiler-bucket-allocator-block-count=8"
    "memorysetup-profiler-allocator-block-size=16777216"
    "memorysetup-profiler-editor-allocator-block-size=1048576"
    "memorysetup-temp-allocator-size-main=16777216"
    "memorysetup-job-temp-allocator-block-size=2097152"
    "memorysetup-job-temp-allocator-block-size-background=1048576"
    "memorysetup-job-temp-allocator-reduction-small-platforms=262144"
    "memorysetup-allocator-temp-initial-block-size-main=262144"
    "memorysetup-allocator-temp-initial-block-size-worker=262144"
    "memorysetup-temp-allocator-size-background-worker=32768"
    "memorysetup-temp-allocator-size-job-worker=262144"
    "memorysetup-temp-allocator-size-preload-manager=33554432"
    "memorysetup-temp-allocator-size-nav-mesh-worker=65536"
    "memorysetup-temp-allocator-size-audio-worker=65536"
    "memorysetup-temp-allocator-size-cloud-worker=32768"
    "memorysetup-temp-allocator-size-gi-baking-worker=262144"
    "memorysetup-temp-allocator-size-gfx=262144"
Player connection [11184] Host "[IP] 10.0.1.59 [Port] 0 [Flags] 2 [Guid] 3280063658 [EditorId] 3280063658 [Version] 1048832 [Id] WindowsEditor(7,DESKTOP-P02AFH1) [Debug] 1 [PackageName] WindowsEditor [ProjectName] Editor" joined multi-casting on [225.0.0.222:54997]...

Player connection [11184] Host "[IP] 10.0.1.59 [Port] 0 [Flags] 2 [Guid] 3280063658 [EditorId] 3280063658 [Version] 1048832 [Id] WindowsEditor(7,DESKTOP-P02AFH1) [Debug] 1 [PackageName] WindowsEditor [ProjectName] Editor" joined alternative multi-casting on [225.0.0.222:34997]...

[Physics::Module] Initialized MultithreadedJobDispatcher with 23 workers.
Refreshing native plugins compatible for Editor in 4.91 ms, found 9 plugins.
Preloading 0 native plugins for Editor in 0.00 ms.
Initialize engine version: 2022.3.23f1 (dbb3f7c5b5c6)
[Subsystems] Discovering subsystems at path C:/Program Files/Unity/Hub/Editor/2022.3.23f1/Editor/Data/Resources/UnitySubsystems
[Subsystems] Discovering subsystems at path D:/Github/The-Skybloom/Skybloom/Assets
GfxDevice: creating device client; threaded=0; jobified=0
Direct3D:
    Version:  Direct3D 11.0 [level 11.1]
    Renderer: NVIDIA GeForce RTX 3050 (ID=0x2507)
    Vendor:   NVIDIA
    VRAM:     8056 MB
    Driver:   31.0.15.3713
Initialize mono
Mono path[0] = 'C:/Program Files/Unity/Hub/Editor/2022.3.23f1/Editor/Data/Managed'
Mono path[1] = 'C:/Program Files/Unity/Hub/Editor/2022.3.23f1/Editor/Data/MonoBleedingEdge/lib/mono/unityjit-win32'
Mono config path = 'C:/Program Files/Unity/Hub/Editor/2022.3.23f1/Editor/Data/MonoBleedingEdge/etc'
Using monoOptions --debugger-agent=transport=dt_socket,embedding=1,server=y,suspend=n,address=127.0.0.1:56664
Begin MonoManager ReloadAssembly
Registering precompiled unity dll's ...
Register platform support module: C:/Program Files/Unity/Hub/Editor/2022.3.23f1/Editor/Data/PlaybackEngines/WindowsStandaloneSupport/UnityEditor.WindowsStandalone.Extensions.dll
Registered in 0.002742 seconds.
- Loaded All Assemblies, in  0.193 seconds
Native extension for WindowsStandalone target not found
Mono: successfully reloaded assembly
- Finished resetting the current domain, in  0.154 seconds
Domain Reload Profiling: 347ms
	BeginReloadAssembly (60ms)
		ExecutionOrderSort (0ms)
		DisableScriptedObjects (0ms)
		BackupInstance (0ms)
		ReleaseScriptingObjects (0ms)
		CreateAndSetChildDomain (0ms)
	RebuildCommonClasses (19ms)
	RebuildNativeTypeToScriptingClass (6ms)
	initialDomainReloadingComplete (29ms)
	LoadAllAssembliesAndSetupDomain (79ms)
		LoadAssemblies (59ms)
		RebuildTransferFunctionScriptingTraits (0ms)
		AnalyzeDomain (78ms)
			TypeCache.Refresh (77ms)
				TypeCache.ScanAssembly (69ms)
			ScanForSourceGeneratedMonoScriptInfo (0ms)
			ResolveRequiredComponents (0ms)
	FinalizeReload (154ms)
		ReleaseScriptCaches (0ms)
		RebuildScriptCaches (0ms)
		SetupLoadedEditorAssemblies (122ms)
			LogAssemblyErrors (0ms)
			InitializePlatformSupportModulesInManaged (5ms)
			SetLoadedEditorAssemblies (4ms)
			RefreshPlugins (0ms)
			BeforeProcessingInitializeOnLoad (1ms)
			ProcessInitializeOnLoadAttributes (86ms)
			ProcessInitializeOnLoadMethodAttributes (25ms)
			AfterProcessingInitializeOnLoad (0ms)
			EditorAssembliesLoaded (0ms)
		ExecutionOrderSort2 (0ms)
		AwakeInstancesAfterBackupRestoration (0ms)
========================================================================
Worker process is ready to serve import requests
Begin MonoManager ReloadAssembly
- Loaded All Assemblies, in  0.361 seconds
Refreshing native plugins compatible for Editor in 2.14 ms, found 9 plugins.
Native extension for WindowsStandalone target not found
Mono: successfully reloaded assembly
- Finished resetting the current domain, in  0.507 seconds
Domain Reload Profiling: 868ms
	BeginReloadAssembly (80ms)
		ExecutionOrderSort (0ms)
		DisableScriptedObjects (3ms)
		BackupInstance (0ms)
		ReleaseScriptingObjects (0ms)
		CreateAndSetChildDomain (11ms)
	RebuildCommonClasses (18ms)
	RebuildNativeTypeToScriptingClass (6ms)
	initialDomainReloadingComplete (23ms)
	LoadAllAssembliesAndSetupDomain (234ms)
		LoadAssemblies (168ms)
		RebuildTransferFunctionScriptingTraits (0ms)
		AnalyzeDomain (111ms)
			TypeCache.Refresh (90ms)
				TypeCache.ScanAssembly (81ms)
			ScanForSourceGeneratedMonoScriptInfo (14ms)
			ResolveRequiredComponents (6ms)
	FinalizeReload (507ms)
		ReleaseScriptCaches (0ms)
		RebuildScriptCaches (0ms)
		SetupLoadedEditorAssemblies (413ms)
			LogAssemblyErrors (0ms)
			InitializePlatformSupportModulesInManaged (3ms)
			SetLoadedEditorAssemblies (3ms)
			RefreshPlugins (0ms)
			BeforeProcessingInitializeOnLoad (42ms)
			ProcessInitializeOnLoadAttributes (330ms)
			ProcessInitializeOnLoadMethodAttributes (31ms)
			AfterProcessingInitializeOnLoad (3ms)
			EditorAssembliesLoaded (0ms)
		ExecutionOrderSort2 (0ms)
		AwakeInstancesAfterBackupRestoration (3ms)
Launched and connected shader compiler UnityShaderCompiler.exe after 0.02 seconds
Refreshing native plugins compatible for Editor in 2.07 ms, found 9 plugins.
Preloading 0 native plugins for Editor in 0.00 ms.
Unloading 4907 Unused Serialized files (Serialized files now loaded: 0)
Unloading 101 unused Assets / (1.0 MB). Loaded Objects now: 5356.
Memory consumption went from 169.6 MB to 168.6 MB.
Total: 2.936500 ms (FindLiveObjects: 0.182700 ms CreateObjectMapping: 0.064000 ms MarkObjects: 2.361100 ms  DeleteObjects: 0.328000 ms)

AssetImportParameters requested are different than current active one (requested -> active):
  custom:container-demuxer-ogg: 62fdf1f143b41e24485cea50d1cbac27 -> 
  custom:video-codec-MediaFoundation-h265: 746d11721c4dcdbdad8f713fa42b33f4 -> 
  custom:video-decoder-ogg-theora: a1e56fd34408186e4bbccfd4996cb3dc -> 
  custom:framework-win-MediaFoundation: 216162199b28c13a410421893ffa2e32 -> 
  custom:CustomObjectIndexerAttribute: 9a22284fe3817be447336de3de66b15e -> 
  custom:container-demuxer-webm: 4f35f7cbe854078d1ac9338744f61a02 -> 
  custom:container-muxer-webm: aa71ff27fc2769a1b78a27578f13a17b -> 
  custom:video-decoder-webm-vp8: 9c59270c3fd7afecdb556c50c9e8de78 -> 
  custom:SearchIndexIgnoredProperties: e643bd26f0fe6173181afceb89e7c659 -> 
  custom:AudioImporter_EditorPlatform: d09bf68614088b80899f8185d706f6e7 -> 
  custom:video-encoder-webm-vp8: eb34c28f22e8b96e1ab97ce403110664 -> 
  custom:audio-decoder-ogg-vorbis: bf7c407c2cedff20999df2af8eb42d56 -> 
  custom:audio-encoder-webm-vorbis: bf7c407c2cedff20999df2af8eb42d56 -> 
========================================================================
Received Import Request.
  Time since last request: 17149.663339 seconds.
  path: Assets/Sprites/Bandits 2/Sprites/Light Bandit/Idle/LightBandit_Idle_2.png
  artifactKey: Guid(a1e32024d1380f8419a1d5dd50c7374d) Importer(815301076,1909f56bfc062723c751e8b465ee728b)
Start importing Assets/Sprites/Bandits 2/Sprites/Light Bandit/Idle/LightBandit_Idle_2.png using Guid(a1e32024d1380f8419a1d5dd50c7374d) Importer(815301076,1909f56bfc062723c751e8b465ee728b)  -> (artifact id: '850861b582b06207635e957dddf3f661') in 0.084731 seconds
Number of updated asset objects reloaded before import = 0
Number of asset objects unloaded after import = 3
========================================================================
Received Import Request.
  Time since last request: 116.683378 seconds.
  path: Assets/Sprites/Medieval Warrior/Crouch.png
  artifactKey: Guid(a4b8d0a9f2774ed41913b911a57b2e2f) Importer(815301076,1909f56bfc062723c751e8b465ee728b)
Start importing Assets/Sprites/Medieval Warrior/Crouch.png using Guid(a4b8d0a9f2774ed41913b911a57b2e2f) Importer(815301076,1909f56bfc062723c751e8b465ee728b)  -> (artifact id: 'ee40801b375a3f32f75dde91da91f293') in 0.021363 seconds
Number of updated asset objects reloaded before import = 0
Number of asset objects unloaded after import = 3
========================================================================
Received Import Request.
  Time since last request: 0.000016 seconds.
  path: Assets/Sprites/Medieval Warrior/Slide.png
  artifactKey: Guid(2c0776a6c7bfea6409e4303218e4df84) Importer(815301076,1909f56bfc062723c751e8b465ee728b)
Start importing Assets/Sprites/Medieval Warrior/Slide.png using Guid(2c0776a6c7bfea6409e4303218e4df84) Importer(815301076,1909f56bfc062723c751e8b465ee728b)  -> (artifact id: '246b122048c389a553a3d7afad63f452') in 0.022034 seconds
Number of updated asset objects reloaded before import = 0
Number of asset objects unloaded after import = 3
========================================================================
Received Import Request.
  Time since last request: 1.988568 seconds.
  path: Assets/Sprites/Medieval Warrior/Medieval Warrior Pack/Attack2.png
  artifactKey: Guid(e8ae35a6dbffa284896cabc263e9e7a9) Importer(815301076,1909f56bfc062723c751e8b465ee728b)
Start importing Assets/Sprites/Medieval Warrior/Medieval Warrior Pack/Attack2.png using Guid(e8ae35a6dbffa284896cabc263e9e7a9) Importer(815301076,1909f56bfc062723c751e8b465ee728b)  -> (artifact id: '3cdf342877cd79b9dbb42d961531e1de') in 0.012692 seconds
Number of updated asset objects reloaded before import = 0
Number of asset objects unloaded after import = 3
========================================================================
Received Import Request.
  Time since last request: 0.000017 seconds.
  path: Assets/Sprites/Medieval Warrior/Medieval Warrior Pack/Idle.png
  artifactKey: Guid(667bfe979e25e8644a7f867dd43e23d2) Importer(815301076,1909f56bfc062723c751e8b465ee728b)
Start importing Assets/Sprites/Medieval Warrior/Medieval Warrior Pack/Idle.png using Guid(667bfe979e25e8644a7f867dd43e23d2) Importer(815301076,1909f56bfc062723c751e8b465ee728b)  -> (artifact id: '235c4310a0305e8b9fdb52e45d4063a7') in 0.013319 seconds
Number of updated asset objects reloaded before import = 0
Number of asset objects unloaded after import = 3
========================================================================
Received Import Request.
  Time since last request: 0.000017 seconds.
  path: Assets/Sprites/Medieval Warrior/Medieval Warrior Pack/Run.png
  artifactKey: Guid(eb139c16549197f45b979a3a0c562327) Importer(815301076,1909f56bfc062723c751e8b465ee728b)
Start importing Assets/Sprites/Medieval Warrior/Medieval Warrior Pack/Run.png using Guid(eb139c16549197f45b979a3a0c562327) Importer(815301076,1909f56bfc062723c751e8b465ee728b)  -> (artifact id: '2e43b0abd35c8565a47e50c22727cbaa') in 0.014994 seconds
Number of updated asset objects reloaded before import = 0
Number of asset objects unloaded after import = 3
========================================================================
Received Import Request.
  Time since last request: 0.000017 seconds.
  path: Assets/Sprites/Medieval Warrior/Medieval Warrior Pack/Fall.png
  artifactKey: Guid(86cc7d45d1087b5458621d6909ff3be8) Importer(815301076,1909f56bfc062723c751e8b465ee728b)
Start importing Assets/Sprites/Medieval Warrior/Medieval Warrior Pack/Fall.png using Guid(86cc7d45d1087b5458621d6909ff3be8) Importer(815301076,1909f56bfc062723c751e8b465ee728b)  -> (artifact id: 'a576549c324f600681aab7bfc381feca') in 0.011517 seconds
Number of updated asset objects reloaded before import = 0
Number of asset objects unloaded after import = 3
========================================================================
Received Import Request.
  Time since last request: 719.396432 seconds.
  path: Assets/Sprites/Paladin/Idle/spr_PaladinIdleWithBkg_strip27.png
  artifactKey: Guid(45db3a57ce13ffd498bc5df5a1e38946) Importer(815301076,1909f56bfc062723c751e8b465ee728b)
Start importing Assets/Sprites/Paladin/Idle/spr_PaladinIdleWithBkg_strip27.png using Guid(45db3a57ce13ffd498bc5df5a1e38946) Importer(815301076,1909f56bfc062723c751e8b465ee728b)  -> (artifact id: 'e9dd65d47db76f24c370f4089318db01') in 0.018804 seconds
Number of updated asset objects reloaded before import = 0
Number of asset objects unloaded after import = 3
========================================================================
Received Import Request.
  Time since last request: 95.391149 seconds.
  path: Assets/Sprites/Archer/spr_ArcherDash_strip_NoBkg.png
  artifactKey: Guid(61691dfb41b079b438326cce64e6cbfb) Importer(815301076,1909f56bfc062723c751e8b465ee728b)
Start importing Assets/Sprites/Archer/spr_ArcherDash_strip_NoBkg.png using Guid(61691dfb41b079b438326cce64e6cbfb) Importer(815301076,1909f56bfc062723c751e8b465ee728b)  -> (artifact id: '106e9cbb387f612027661b1485635c0c') in 0.024507 seconds
Number of updated asset objects reloaded before import = 0
Number of asset objects unloaded after import = 3
========================================================================
Received Import Request.
  Time since last request: 0.000021 seconds.
  path: Assets/Sprites/Archer/spr_ArcherDeath_strip_NoBkg.png
  artifactKey: Guid(2b09889262c06e442a1e1f70528c0af4) Importer(815301076,1909f56bfc062723c751e8b465ee728b)
Start importing Assets/Sprites/Archer/spr_ArcherDeath_strip_NoBkg.png using Guid(2b09889262c06e442a1e1f70528c0af4) Importer(815301076,1909f56bfc062723c751e8b465ee728b)  -> (artifact id: 'ffb6243dfd9da382bb223df400498e40') in 0.045245 seconds
Number of updated asset objects reloaded before import = 0
Number of asset objects unloaded after import = 3
========================================================================
Received Import Request.
  Time since last request: 0.000014 seconds.
  path: Assets/Sprites/Archer/spr_ArcherJumpAndFall_strip_NoBkg.png
  artifactKey: Guid(f5635ff4547f9a34f95a742d8f60ccf6) Importer(815301076,1909f56bfc062723c751e8b465ee728b)
Start importing Assets/Sprites/Archer/spr_ArcherJumpAndFall_strip_NoBkg.png using Guid(f5635ff4547f9a34f95a742d8f60ccf6) Importer(815301076,1909f56bfc062723c751e8b465ee728b)  -> (artifact id: '6d66e65f790b467884da832d6552863b') in 0.031141 seconds
Number of updated asset objects reloaded before import = 0
Number of asset objects unloaded after import = 3
========================================================================
Received Import Request.
  Time since last request: 0.000011 seconds.
  path: Assets/Sprites/Archer/spr_ArcherRun_strip_NoBkg.png
  artifactKey: Guid(fe83ca6e290e24a43a04ec60de2cecc7) Importer(815301076,1909f56bfc062723c751e8b465ee728b)
Start importing Assets/Sprites/Archer/spr_ArcherRun_strip_NoBkg.png using Guid(fe83ca6e290e24a43a04ec60de2cecc7) Importer(815301076,1909f56bfc062723c751e8b465ee728b)  -> (artifact id: '69c8e40e5e5862e8cd9db457128d28ce') in 0.035798 seconds
Number of updated asset objects reloaded before import = 0
Number of asset objects unloaded after import = 3
Editor requested this worker to shutdown with reason: Scaling down because of idle timeout
TcpMessagingSession - receive error: operation aborted. errorcode: 995, details: Bir iþ parçacýðý çýkýþý veya bir uygulama isteði nedeniyle G/Ç iþlemi iptal edildi.
AssetImportWorker is now disconnected from the server
Process exiting
Exiting without the bug reporter. Application will terminate with return code 0